2019-04-21 11:25:33
<xml><appid><![CDATA[wxd5af665b240b75d4]]></appid>
<bank_type><![CDATA[CFT]]></bank_type>
<cash_fee><![CDATA[1]]></cash_fee>
<fee_type><![CDATA[CNY]]></fee_type>
<is_subscribe><![CDATA[N]]></is_subscribe>
<mch_id><![CDATA[1500086022]]></mch_id>
<nonce_str><![CDATA[toDnIXNBaaoYXgO1]]></nonce_str>
<openid><![CDATA[osZaFw0svRpBW1fTu5xMtqQsqeRA]]></openid>
<out_trade_no><![CDATA[1809a_19042111_be9ff00623c67ef7]]></out_trade_no>
<result_code><![CDATA[SUCCESS]]></result_code>
<return_code><![CDATA[SUCCESS]]></return_code>
<sign><![CDATA[ECF61052F468E86F713DC61D7679FF59]]></sign>
<time_end><![CDATA[20190421112129]]></time_end>
<total_fee>1</total_fee>
<trade_type><![CDATA[NATIVE]]></trade_type>
<transaction_id><![CDATA[4200000298201904218981061198]]></transaction_id>
</xml>
<<<<<<<2019-04-21 11:27:09
<xml><appid><![CDATA[wxd5af665b240b75d4]]></appid>
<bank_type><![CDATA[CFT]]></bank_type>
<cash_fee><![CDATA[1]]></cash_fee>
<fee_type><![CDATA[CNY]]></fee_type>
<is_subscribe><![CDATA[N]]></is_subscribe>
<mch_id><![CDATA[1500086022]]></mch_id>
<nonce_str><![CDATA[hnKeq7gjmr0XmwbK]]></nonce_str>
<openid><![CDATA[osZaFw0svRpBW1fTu5xMtqQsqeRA]]></openid>
<out_trade_no><![CDATA[1809a_19042111_f4de6498335aac38]]></out_trade_no>
<result_code><![CDATA[SUCCESS]]></result_code>
<return_code><![CDATA[SUCCESS]]></return_code>
<sign><![CDATA[26758651947C25A05EF11B9AEFB23EED]]></sign>
<time_end><![CDATA[20190421111304]]></time_end>
<total_fee>1</total_fee>
<trade_type><![CDATA[NATIVE]]></trade_type>
<transaction_id><![CDATA[4200000290201904215944618994]]></transaction_id>
</xml>
<<<<<<<2019-04-21 11:28:34
<xml><appid><![CDATA[wxd5af665b240b75d4]]></appid>
<bank_type><![CDATA[CFT]]></bank_type>
<cash_fee><![CDATA[1]]></cash_fee>
<fee_type><![CDATA[CNY]]></fee_type>
<is_subscribe><![CDATA[N]]></is_subscribe>
<mch_id><![CDATA[1500086022]]></mch_id>
<nonce_str><![CDATA[WgPJnQVmyFu0fwW2]]></nonce_str>
<openid><![CDATA[osZaFw0svRpBW1fTu5xMtqQsqeRA]]></openid>
<out_trade_no><![CDATA[1809a_19042111_415daf2f49de6d47]]></out_trade_no>
<result_code><![CDATA[SUCCESS]]></result_code>
<return_code><![CDATA[SUCCESS]]></return_code>
<sign><![CDATA[95AE215A8AE30D0079E4B8F874EE748B]]></sign>
<time_end><![CDATA[20190421112834]]></time_end>
<total_fee>1</total_fee>
<trade_type><![CDATA[NATIVE]]></trade_type>
<transaction_id><![CDATA[4200000298201904219566320755]]></transaction_id>
</xml>
<<<<<<<2019-04-21 11:28:51
<xml><appid><![CDATA[wxd5af665b240b75d4]]></appid>
<bank_type><![CDATA[CFT]]></bank_type>
<cash_fee><![CDATA[1]]></cash_fee>
<fee_type><![CDATA[CNY]]></fee_type>
<is_subscribe><![CDATA[N]]></is_subscribe>
<mch_id><![CDATA[1500086022]]></mch_id>
<nonce_str><![CDATA[WgPJnQVmyFu0fwW2]]></nonce_str>
<openid><![CDATA[osZaFw0svRpBW1fTu5xMtqQsqeRA]]></openid>
<out_trade_no><![CDATA[1809a_19042111_415daf2f49de6d47]]></out_trade_no>
<result_code><![CDATA[SUCCESS]]></result_code>
<return_code><![CDATA[SUCCESS]]></return_code>
<sign><![CDATA[95AE215A8AE30D0079E4B8F874EE748B]]></sign>
<time_end><![CDATA[20190421112834]]></time_end>
<total_fee>1</total_fee>
<trade_type><![CDATA[NATIVE]]></trade_type>
<transaction_id><![CDATA[4200000298201904219566320755]]></transaction_id>
</xml>
<<<<<<<2019-04-21 11:32:58
<xml><appid><![CDATA[wxd5af665b240b75d4]]></appid>
<bank_type><![CDATA[CFT]]></bank_type>
<cash_fee><![CDATA[1]]></cash_fee>
<fee_type><![CDATA[CNY]]></fee_type>
<is_subscribe><![CDATA[N]]></is_subscribe>
<mch_id><![CDATA[1500086022]]></mch_id>
<nonce_str><![CDATA[9Uoh5NEctsb6Wt19]]></nonce_str>
<openid><![CDATA[osZaFw0svRpBW1fTu5xMtqQsqeRA]]></openid>
<out_trade_no><![CDATA[1809a_19042111_99e92aaad30f6857]]></out_trade_no>
<result_code><![CDATA[SUCCESS]]></result_code>
<return_code><![CDATA[SUCCESS]]></return_code>
<sign><![CDATA[B1CB3DB6F3D0D0B39C54D2FBE0F7F93B]]></sign>
<time_end><![CDATA[20190421113239]]></time_end>
<total_fee>1</total_fee>
<trade_type><![CDATA[NATIVE]]></trade_type>
<transaction_id><![CDATA[4200000299201904219525786981]]></transaction_id>
</xml>
<<<<<<<2019-04-21 11:33:14
<xml><appid><![CDATA[wxd5af665b240b75d4]]></appid>
<bank_type><![CDATA[CFT]]></bank_type>
<cash_fee><![CDATA[1]]></cash_fee>
<fee_type><![CDATA[CNY]]></fee_type>
<is_subscribe><![CDATA[N]]></is_subscribe>
<mch_id><![CDATA[1500086022]]></mch_id>
<nonce_str><![CDATA[9Uoh5NEctsb6Wt19]]></nonce_str>
<openid><![CDATA[osZaFw0svRpBW1fTu5xMtqQsqeRA]]></openid>
<out_trade_no><![CDATA[1809a_19042111_99e92aaad30f6857]]></out_trade_no>
<result_code><![CDATA[SUCCESS]]></result_code>
<return_code><![CDATA[SUCCESS]]></return_code>
<sign><![CDATA[B1CB3DB6F3D0D0B39C54D2FBE0F7F93B]]></sign>
<time_end><![CDATA[20190421113239]]></time_end>
<total_fee>1</total_fee>
<trade_type><![CDATA[NATIVE]]></trade_type>
<transaction_id><![CDATA[4200000299201904219525786981]]></transaction_id>
</xml>
<<<<<<<2019-04-21 11:33:45
<xml><appid><![CDATA[wxd5af665b240b75d4]]></appid>
<bank_type><![CDATA[CFT]]></bank_type>
<cash_fee><![CDATA[1]]></cash_fee>
<fee_type><![CDATA[CNY]]></fee_type>
<is_subscribe><![CDATA[N]]></is_subscribe>
<mch_id><![CDATA[1500086022]]></mch_id>
<nonce_str><![CDATA[9Uoh5NEctsb6Wt19]]></nonce_str>
<openid><![CDATA[osZaFw0svRpBW1fTu5xMtqQsqeRA]]></openid>
<out_trade_no><![CDATA[1809a_19042111_99e92aaad30f6857]]></out_trade_no>
<result_code><![CDATA[SUCCESS]]></result_code>
<return_code><![CDATA[SUCCESS]]></return_code>
<sign><![CDATA[B1CB3DB6F3D0D0B39C54D2FBE0F7F93B]]></sign>
<time_end><![CDATA[20190421113239]]></time_end>
<total_fee>1</total_fee>
<trade_type><![CDATA[NATIVE]]></trade_type>
<transaction_id><![CDATA[4200000299201904219525786981]]></transaction_id>
</xml>
<<<<<<<2019-04-21 11:34:44
<xml><appid><![CDATA[wxd5af665b240b75d4]]></appid>
<bank_type><![CDATA[CFT]]></bank_type>
<cash_fee><![CDATA[1]]></cash_fee>
<fee_type><![CDATA[CNY]]></fee_type>
<is_subscribe><![CDATA[N]]></is_subscribe>
<mch_id><![CDATA[1500086022]]></mch_id>
<nonce_str><![CDATA[6RmHxjndoOJevIne]]></nonce_str>
<openid><![CDATA[osZaFw0svRpBW1fTu5xMtqQsqeRA]]></openid>
<out_trade_no><![CDATA[1809a_19042110_223e99975a0e3c24]]></out_trade_no>
<result_code><![CDATA[SUCCESS]]></result_code>
<return_code><![CDATA[SUCCESS]]></return_code>
<sign><![CDATA[D8EFBD63AB9075A18C4D64A3ABBCBB25]]></sign>
<time_end><![CDATA[20190421110038]]></time_end>
<total_fee>1</total_fee>
<trade_type><![CDATA[NATIVE]]></trade_type>
<transaction_id><![CDATA[4200000306201904216067127279]]></transaction_id>
</xml>
<<<<<<<2019-04-21 11:34:58
<xml><appid><![CDATA[wxd5af665b240b75d4]]></appid>
<bank_type><![CDATA[CFT]]></bank_type>
<cash_fee><![CDATA[1]]></cash_fee>
<fee_type><![CDATA[CNY]]></fee_type>
<is_subscribe><![CDATA[N]]></is_subscribe>
<mch_id><![CDATA[1500086022]]></mch_id>
<nonce_str><![CDATA[1UNcUEl01DeQu6uQ]]></nonce_str>
<openid><![CDATA[osZaFw0svRpBW1fTu5xMtqQsqeRA]]></openid>
<out_trade_no><![CDATA[1809a_19042111_44aee9decbcc3aca]]></out_trade_no>
<result_code><![CDATA[SUCCESS]]></result_code>
<return_code><![CDATA[SUCCESS]]></return_code>
<sign><![CDATA[997DC11B7A0ED5DBCF732A9A98C1D7CB]]></sign>
<time_end><![CDATA[20190421113458]]></time_end>
<total_fee>1</total_fee>
<trade_type><![CDATA[NATIVE]]></trade_type>
<transaction_id><![CDATA[4200000299201904211223021159]]></transaction_id>
</xml>
<<<<<<<2019-04-21 11:35:14
<xml><appid><![CDATA[wxd5af665b240b75d4]]></appid>
<bank_type><![CDATA[CFT]]></bank_type>
<cash_fee><![CDATA[1]]></cash_fee>
<fee_type><![CDATA[CNY]]></fee_type>
<is_subscribe><![CDATA[N]]></is_subscribe>
<mch_id><![CDATA[1500086022]]></mch_id>
<nonce_str><![CDATA[1UNcUEl01DeQu6uQ]]></nonce_str>
<openid><![CDATA[osZaFw0svRpBW1fTu5xMtqQsqeRA]]></openid>
<out_trade_no><![CDATA[1809a_19042111_44aee9decbcc3aca]]></out_trade_no>
<result_code><![CDATA[SUCCESS]]></result_code>
<return_code><![CDATA[SUCCESS]]></return_code>
<sign><![CDATA[997DC11B7A0ED5DBCF732A9A98C1D7CB]]></sign>
<time_end><![CDATA[20190421113458]]></time_end>
<total_fee>1</total_fee>
<trade_type><![CDATA[NATIVE]]></trade_type>
<transaction_id><![CDATA[4200000299201904211223021159]]></transaction_id>
</xml>
<<<<<<<2019-04-21 11:35:30
<xml><appid><![CDATA[wxd5af665b240b75d4]]></appid>
<bank_type><![CDATA[CFT]]></bank_type>
<cash_fee><![CDATA[1]]></cash_fee>
<fee_type><![CDATA[CNY]]></fee_type>
<is_subscribe><![CDATA[N]]></is_subscribe>
<mch_id><![CDATA[1500086022]]></mch_id>
<nonce_str><![CDATA[1UNcUEl01DeQu6uQ]]></nonce_str>
<openid><![CDATA[osZaFw0svRpBW1fTu5xMtqQsqeRA]]></openid>
<out_trade_no><![CDATA[1809a_19042111_44aee9decbcc3aca]]></out_trade_no>
<result_code><![CDATA[SUCCESS]]></result_code>
<return_code><![CDATA[SUCCESS]]></return_code>
<sign><![CDATA[997DC11B7A0ED5DBCF732A9A98C1D7CB]]></sign>
<time_end><![CDATA[20190421113458]]></time_end>
<total_fee>1</total_fee>
<trade_type><![CDATA[NATIVE]]></trade_type>
<transaction_id><![CDATA[4200000299201904211223021159]]></transaction_id>
</xml>
<<<<<<<2019-04-21 11:35:35
<xml><appid><![CDATA[wxd5af665b240b75d4]]></appid>
<bank_type><![CDATA[CFT]]></bank_type>
<cash_fee><![CDATA[1]]></cash_fee>
<fee_type><![CDATA[CNY]]></fee_type>
<is_subscribe><![CDATA[N]]></is_subscribe>
<mch_id><![CDATA[1500086022]]></mch_id>
<nonce_str><![CDATA[toDnIXNBaaoYXgO1]]></nonce_str>
<openid><![CDATA[osZaFw0svRpBW1fTu5xMtqQsqeRA]]></openid>
<out_trade_no><![CDATA[1809a_19042111_be9ff00623c67ef7]]></out_trade_no>
<result_code><![CDATA[SUCCESS]]></result_code>
<return_code><![CDATA[SUCCESS]]></return_code>
<sign><![CDATA[ECF61052F468E86F713DC61D7679FF59]]></sign>
<time_end><![CDATA[20190421112129]]></time_end>
<total_fee>1</total_fee>
<trade_type><![CDATA[NATIVE]]></trade_type>
<transaction_id><![CDATA[4200000298201904218981061198]]></transaction_id>
</xml>
<<<<<<<2019-04-21 11:36:01
<xml><appid><![CDATA[wxd5af665b240b75d4]]></appid>
<bank_type><![CDATA[CFT]]></bank_type>
<cash_fee><![CDATA[1]]></cash_fee>
<fee_type><![CDATA[CNY]]></fee_type>
<is_subscribe><![CDATA[N]]></is_subscribe>
<mch_id><![CDATA[1500086022]]></mch_id>
<nonce_str><![CDATA[1UNcUEl01DeQu6uQ]]></nonce_str>
<openid><![CDATA[osZaFw0svRpBW1fTu5xMtqQsqeRA]]></openid>
<out_trade_no><![CDATA[1809a_19042111_44aee9decbcc3aca]]></out_trade_no>
<result_code><![CDATA[SUCCESS]]></result_code>
<return_code><![CDATA[SUCCESS]]></return_code>
<sign><![CDATA[997DC11B7A0ED5DBCF732A9A98C1D7CB]]></sign>
<time_end><![CDATA[20190421113458]]></time_end>
<total_fee>1</total_fee>
<trade_type><![CDATA[NATIVE]]></trade_type>
<transaction_id><![CDATA[4200000299201904211223021159]]></transaction_id>
</xml>
<<<<<<<2019-04-21 11:36:47
<xml><appid><![CDATA[wxd5af665b240b75d4]]></appid>
<bank_type><![CDATA[CFT]]></bank_type>
<cash_fee><![CDATA[1]]></cash_fee>
<fee_type><![CDATA[CNY]]></fee_type>
<is_subscribe><![CDATA[N]]></is_subscribe>
<mch_id><![CDATA[1500086022]]></mch_id>
<nonce_str><![CDATA[9Uoh5NEctsb6Wt19]]></nonce_str>
<openid><![CDATA[osZaFw0svRpBW1fTu5xMtqQsqeRA]]></openid>
<out_trade_no><![CDATA[1809a_19042111_99e92aaad30f6857]]></out_trade_no>
<result_code><![CDATA[SUCCESS]]></result_code>
<return_code><![CDATA[SUCCESS]]></return_code>
<sign><![CDATA[B1CB3DB6F3D0D0B39C54D2FBE0F7F93B]]></sign>
<time_end><![CDATA[20190421113239]]></time_end>
<total_fee>1</total_fee>
<trade_type><![CDATA[NATIVE]]></trade_type>
<transaction_id><![CDATA[4200000299201904219525786981]]></transaction_id>
</xml>
<<<<<<<2019-04-21 11:39:02
<xml><appid><![CDATA[wxd5af665b240b75d4]]></appid>
<bank_type><![CDATA[CFT]]></bank_type>
<cash_fee><![CDATA[1]]></cash_fee>
<fee_type><![CDATA[CNY]]></fee_type>
<is_subscribe><![CDATA[N]]></is_subscribe>
<mch_id><![CDATA[1500086022]]></mch_id>
<nonce_str><![CDATA[1UNcUEl01DeQu6uQ]]></nonce_str>
<openid><![CDATA[osZaFw0svRpBW1fTu5xMtqQsqeRA]]></openid>
<out_trade_no><![CDATA[1809a_19042111_44aee9decbcc3aca]]></out_trade_no>
<result_code><![CDATA[SUCCESS]]></result_code>
<return_code><![CDATA[SUCCESS]]></return_code>
<sign><![CDATA[997DC11B7A0ED5DBCF732A9A98C1D7CB]]></sign>
<time_end><![CDATA[20190421113458]]></time_end>
<total_fee>1</total_fee>
<trade_type><![CDATA[NATIVE]]></trade_type>
<transaction_id><![CDATA[4200000299201904211223021159]]></transaction_id>
</xml>
<<<<<<<2019-04-21 11:39:30
<xml><appid><![CDATA[wxd5af665b240b75d4]]></appid>
<bank_type><![CDATA[CFT]]></bank_type>
<cash_fee><![CDATA[1]]></cash_fee>
<fee_type><![CDATA[CNY]]></fee_type>
<is_subscribe><![CDATA[N]]></is_subscribe>
<mch_id><![CDATA[1500086022]]></mch_id>
<nonce_str><![CDATA[rekLdEztmWz9M6cE]]></nonce_str>
<openid><![CDATA[osZaFw0svRpBW1fTu5xMtqQsqeRA]]></openid>
<out_trade_no><![CDATA[1809a_19042111_f86d29a637b64b95]]></out_trade_no>
<result_code><![CDATA[SUCCESS]]></result_code>
<return_code><![CDATA[SUCCESS]]></return_code>
<sign><![CDATA[6C5F82187BAA2040874953C19E4ED3C3]]></sign>
<time_end><![CDATA[20190421110524]]></time_end>
<total_fee>1</total_fee>
<trade_type><![CDATA[NATIVE]]></trade_type>
<transaction_id><![CDATA[4200000303201904217104419473]]></transaction_id>
</xml>
<<<<<<<2019-04-21 11:42:39
<xml><appid><![CDATA[wxd5af665b240b75d4]]></appid>
<bank_type><![CDATA[CFT]]></bank_type>
<cash_fee><![CDATA[1]]></cash_fee>
<fee_type><![CDATA[CNY]]></fee_type>
<is_subscribe><![CDATA[N]]></is_subscribe>
<mch_id><![CDATA[1500086022]]></mch_id>
<nonce_str><![CDATA[WgPJnQVmyFu0fwW2]]></nonce_str>
<openid><![CDATA[osZaFw0svRpBW1fTu5xMtqQsqeRA]]></openid>
<out_trade_no><![CDATA[1809a_19042111_415daf2f49de6d47]]></out_trade_no>
<result_code><![CDATA[SUCCESS]]></result_code>
<return_code><![CDATA[SUCCESS]]></return_code>
<sign><![CDATA[95AE215A8AE30D0079E4B8F874EE748B]]></sign>
<time_end><![CDATA[20190421112834]]></time_end>
<total_fee>1</total_fee>
<trade_type><![CDATA[NATIVE]]></trade_type>
<transaction_id><![CDATA[4200000298201904219566320755]]></transaction_id>
</xml>
<<<<<<<2019-04-21 11:46:48
<xml><appid><![CDATA[wxd5af665b240b75d4]]></appid>
<bank_type><![CDATA[CFT]]></bank_type>
<cash_fee><![CDATA[1]]></cash_fee>
<fee_type><![CDATA[CNY]]></fee_type>
<is_subscribe><![CDATA[N]]></is_subscribe>
<mch_id><![CDATA[1500086022]]></mch_id>
<nonce_str><![CDATA[9Uoh5NEctsb6Wt19]]></nonce_str>
<openid><![CDATA[osZaFw0svRpBW1fTu5xMtqQsqeRA]]></openid>
<out_trade_no><![CDATA[1809a_19042111_99e92aaad30f6857]]></out_trade_no>
<result_code><![CDATA[SUCCESS]]></result_code>
<return_code><![CDATA[SUCCESS]]></return_code>
<sign><![CDATA[B1CB3DB6F3D0D0B39C54D2FBE0F7F93B]]></sign>
<time_end><![CDATA[20190421113239]]></time_end>
<total_fee>1</total_fee>
<trade_type><![CDATA[NATIVE]]></trade_type>
<transaction_id><![CDATA[4200000299201904219525786981]]></transaction_id>
</xml>
<<<<<<<2019-04-21 11:47:11
<xml><appid><![CDATA[wxd5af665b240b75d4]]></appid>
<bank_type><![CDATA[CFT]]></bank_type>
<cash_fee><![CDATA[1]]></cash_fee>
<fee_type><![CDATA[CNY]]></fee_type>
<is_subscribe><![CDATA[N]]></is_subscribe>
<mch_id><![CDATA[1500086022]]></mch_id>
<nonce_str><![CDATA[hnKeq7gjmr0XmwbK]]></nonce_str>
<openid><![CDATA[osZaFw0svRpBW1fTu5xMtqQsqeRA]]></openid>
<out_trade_no><![CDATA[1809a_19042111_f4de6498335aac38]]></out_trade_no>
<result_code><![CDATA[SUCCESS]]></result_code>
<return_code><![CDATA[SUCCESS]]></return_code>
<sign><![CDATA[26758651947C25A05EF11B9AEFB23EED]]></sign>
<time_end><![CDATA[20190421111304]]></time_end>
<total_fee>1</total_fee>
<trade_type><![CDATA[NATIVE]]></trade_type>
<transaction_id><![CDATA[4200000290201904215944618994]]></transaction_id>
</xml>
<<<<<<<2019-04-21 11:49:03
<xml><appid><![CDATA[wxd5af665b240b75d4]]></appid>
<bank_type><![CDATA[CFT]]></bank_type>
<cash_fee><![CDATA[1]]></cash_fee>
<fee_type><![CDATA[CNY]]></fee_type>
<is_subscribe><![CDATA[N]]></is_subscribe>
<mch_id><![CDATA[1500086022]]></mch_id>
<nonce_str><![CDATA[1UNcUEl01DeQu6uQ]]></nonce_str>
<openid><![CDATA[osZaFw0svRpBW1fTu5xMtqQsqeRA]]></openid>
<out_trade_no><![CDATA[1809a_19042111_44aee9decbcc3aca]]></out_trade_no>
<result_code><![CDATA[SUCCESS]]></result_code>
<return_code><![CDATA[SUCCESS]]></return_code>
<sign><![CDATA[997DC11B7A0ED5DBCF732A9A98C1D7CB]]></sign>
<time_end><![CDATA[20190421113458]]></time_end>
<total_fee>1</total_fee>
<trade_type><![CDATA[NATIVE]]></trade_type>
<transaction_id><![CDATA[4200000299201904211223021159]]></transaction_id>
</xml>
<<<<<<<2019-04-21 11:55:36
<xml><appid><![CDATA[wxd5af665b240b75d4]]></appid>
<bank_type><![CDATA[CFT]]></bank_type>
<cash_fee><![CDATA[1]]></cash_fee>
<fee_type><![CDATA[CNY]]></fee_type>
<is_subscribe><![CDATA[N]]></is_subscribe>
<mch_id><![CDATA[1500086022]]></mch_id>
<nonce_str><![CDATA[toDnIXNBaaoYXgO1]]></nonce_str>
<openid><![CDATA[osZaFw0svRpBW1fTu5xMtqQsqeRA]]></openid>
<out_trade_no><![CDATA[1809a_19042111_be9ff00623c67ef7]]></out_trade_no>
<result_code><![CDATA[SUCCESS]]></result_code>
<return_code><![CDATA[SUCCESS]]></return_code>
<sign><![CDATA[ECF61052F468E86F713DC61D7679FF59]]></sign>
<time_end><![CDATA[20190421112129]]></time_end>
<total_fee>1</total_fee>
<trade_type><![CDATA[NATIVE]]></trade_type>
<transaction_id><![CDATA[4200000298201904218981061198]]></transaction_id>
</xml>
<<<<<<<2019-04-21 12:02:40
<xml><appid><![CDATA[wxd5af665b240b75d4]]></appid>
<bank_type><![CDATA[CFT]]></bank_type>
<cash_fee><![CDATA[1]]></cash_fee>
<fee_type><![CDATA[CNY]]></fee_type>
<is_subscribe><![CDATA[N]]></is_subscribe>
<mch_id><![CDATA[1500086022]]></mch_id>
<nonce_str><![CDATA[WgPJnQVmyFu0fwW2]]></nonce_str>
<openid><![CDATA[osZaFw0svRpBW1fTu5xMtqQsqeRA]]></openid>
<out_trade_no><![CDATA[1809a_19042111_415daf2f49de6d47]]></out_trade_no>
<result_code><![CDATA[SUCCESS]]></result_code>
<return_code><![CDATA[SUCCESS]]></return_code>
<sign><![CDATA[95AE215A8AE30D0079E4B8F874EE748B]]></sign>
<time_end><![CDATA[20190421112834]]></time_end>
<total_fee>1</total_fee>
<trade_type><![CDATA[NATIVE]]></trade_type>
<transaction_id><![CDATA[4200000298201904219566320755]]></transaction_id>
</xml>
<<<<<<<2019-04-21 12:04:46
<xml><appid><![CDATA[wxd5af665b240b75d4]]></appid>
<bank_type><![CDATA[CFT]]></bank_type>
<cash_fee><![CDATA[1]]></cash_fee>
<fee_type><![CDATA[CNY]]></fee_type>
<is_subscribe><![CDATA[N]]></is_subscribe>
<mch_id><![CDATA[1500086022]]></mch_id>
<nonce_str><![CDATA[6RmHxjndoOJevIne]]></nonce_str>
<openid><![CDATA[osZaFw0svRpBW1fTu5xMtqQsqeRA]]></openid>
<out_trade_no><![CDATA[1809a_19042110_223e99975a0e3c24]]></out_trade_no>
<result_code><![CDATA[SUCCESS]]></result_code>
<return_code><![CDATA[SUCCESS]]></return_code>
<sign><![CDATA[D8EFBD63AB9075A18C4D64A3ABBCBB25]]></sign>
<time_end><![CDATA[20190421110038]]></time_end>
<total_fee>1</total_fee>
<trade_type><![CDATA[NATIVE]]></trade_type>
<transaction_id><![CDATA[4200000306201904216067127279]]></transaction_id>
</xml>
<<<<<<<2019-04-21 12:06:50
<xml><appid><![CDATA[wxd5af665b240b75d4]]></appid>
<bank_type><![CDATA[CFT]]></bank_type>
<cash_fee><![CDATA[1]]></cash_fee>
<fee_type><![CDATA[CNY]]></fee_type>
<is_subscribe><![CDATA[N]]></is_subscribe>
<mch_id><![CDATA[1500086022]]></mch_id>
<nonce_str><![CDATA[9Uoh5NEctsb6Wt19]]></nonce_str>
<openid><![CDATA[osZaFw0svRpBW1fTu5xMtqQsqeRA]]></openid>
<out_trade_no><![CDATA[1809a_19042111_99e92aaad30f6857]]></out_trade_no>
<result_code><![CDATA[SUCCESS]]></result_code>
<return_code><![CDATA[SUCCESS]]></return_code>
<sign><![CDATA[B1CB3DB6F3D0D0B39C54D2FBE0F7F93B]]></sign>
<time_end><![CDATA[20190421113239]]></time_end>
<total_fee>1</total_fee>
<trade_type><![CDATA[NATIVE]]></trade_type>
<transaction_id><![CDATA[4200000299201904219525786981]]></transaction_id>
</xml>
<<<<<<<2019-04-21 12:09:05
<xml><appid><![CDATA[wxd5af665b240b75d4]]></appid>
<bank_type><![CDATA[CFT]]></bank_type>
<cash_fee><![CDATA[1]]></cash_fee>
<fee_type><![CDATA[CNY]]></fee_type>
<is_subscribe><![CDATA[N]]></is_subscribe>
<mch_id><![CDATA[1500086022]]></mch_id>
<nonce_str><![CDATA[1UNcUEl01DeQu6uQ]]></nonce_str>
<openid><![CDATA[osZaFw0svRpBW1fTu5xMtqQsqeRA]]></openid>
<out_trade_no><![CDATA[1809a_19042111_44aee9decbcc3aca]]></out_trade_no>
<result_code><![CDATA[SUCCESS]]></result_code>
<return_code><![CDATA[SUCCESS]]></return_code>
<sign><![CDATA[997DC11B7A0ED5DBCF732A9A98C1D7CB]]></sign>
<time_end><![CDATA[20190421113458]]></time_end>
<total_fee>1</total_fee>
<trade_type><![CDATA[NATIVE]]></trade_type>
<transaction_id><![CDATA[4200000299201904211223021159]]></transaction_id>
</xml>
<<<<<<<2019-04-21 12:09:31
<xml><appid><![CDATA[wxd5af665b240b75d4]]></appid>
<bank_type><![CDATA[CFT]]></bank_type>
<cash_fee><![CDATA[1]]></cash_fee>
<fee_type><![CDATA[CNY]]></fee_type>
<is_subscribe><![CDATA[N]]></is_subscribe>
<mch_id><![CDATA[1500086022]]></mch_id>
<nonce_str><![CDATA[rekLdEztmWz9M6cE]]></nonce_str>
<openid><![CDATA[osZaFw0svRpBW1fTu5xMtqQsqeRA]]></openid>
<out_trade_no><![CDATA[1809a_19042111_f86d29a637b64b95]]></out_trade_no>
<result_code><![CDATA[SUCCESS]]></result_code>
<return_code><![CDATA[SUCCESS]]></return_code>
<sign><![CDATA[6C5F82187BAA2040874953C19E4ED3C3]]></sign>
<time_end><![CDATA[20190421110524]]></time_end>
<total_fee>1</total_fee>
<trade_type><![CDATA[NATIVE]]></trade_type>
<transaction_id><![CDATA[4200000303201904217104419473]]></transaction_id>
</xml>
<<<<<<<2019-04-21 12:17:12
<xml><appid><![CDATA[wxd5af665b240b75d4]]></appid>
<bank_type><![CDATA[CFT]]></bank_type>
<cash_fee><![CDATA[1]]></cash_fee>
<fee_type><![CDATA[CNY]]></fee_type>
<is_subscribe><![CDATA[N]]></is_subscribe>
<mch_id><![CDATA[1500086022]]></mch_id>
<nonce_str><![CDATA[hnKeq7gjmr0XmwbK]]></nonce_str>
<openid><![CDATA[osZaFw0svRpBW1fTu5xMtqQsqeRA]]></openid>
<out_trade_no><![CDATA[1809a_19042111_f4de6498335aac38]]></out_trade_no>
<result_code><![CDATA[SUCCESS]]></result_code>
<return_code><![CDATA[SUCCESS]]></return_code>
<sign><![CDATA[26758651947C25A05EF11B9AEFB23EED]]></sign>
<time_end><![CDATA[20190421111304]]></time_end>
<total_fee>1</total_fee>
<trade_type><![CDATA[NATIVE]]></trade_type>
<transaction_id><![CDATA[4200000290201904215944618994]]></transaction_id>
</xml>
<<<<<<<2019-04-21 12:25:36
<xml><appid><![CDATA[wxd5af665b240b75d4]]></appid>
<bank_type><![CDATA[CFT]]></bank_type>
<cash_fee><![CDATA[1]]></cash_fee>
<fee_type><![CDATA[CNY]]></fee_type>
<is_subscribe><![CDATA[N]]></is_subscribe>
<mch_id><![CDATA[1500086022]]></mch_id>
<nonce_str><![CDATA[toDnIXNBaaoYXgO1]]></nonce_str>
<openid><![CDATA[osZaFw0svRpBW1fTu5xMtqQsqeRA]]></openid>
<out_trade_no><![CDATA[1809a_19042111_be9ff00623c67ef7]]></out_trade_no>
<result_code><![CDATA[SUCCESS]]></result_code>
<return_code><![CDATA[SUCCESS]]></return_code>
<sign><![CDATA[ECF61052F468E86F713DC61D7679FF59]]></sign>
<time_end><![CDATA[20190421112129]]></time_end>
<total_fee>1</total_fee>
<trade_type><![CDATA[NATIVE]]></trade_type>
<transaction_id><![CDATA[4200000298201904218981061198]]></transaction_id>
</xml>
<<<<<<<2019-04-21 12:32:42
<xml><appid><![CDATA[wxd5af665b240b75d4]]></appid>
<bank_type><![CDATA[CFT]]></bank_type>
<cash_fee><![CDATA[1]]></cash_fee>
<fee_type><![CDATA[CNY]]></fee_type>
<is_subscribe><![CDATA[N]]></is_subscribe>
<mch_id><![CDATA[1500086022]]></mch_id>
<nonce_str><![CDATA[WgPJnQVmyFu0fwW2]]></nonce_str>
<openid><![CDATA[osZaFw0svRpBW1fTu5xMtqQsqeRA]]></openid>
<out_trade_no><![CDATA[1809a_19042111_415daf2f49de6d47]]></out_trade_no>
<result_code><![CDATA[SUCCESS]]></result_code>
<return_code><![CDATA[SUCCESS]]></return_code>
<sign><![CDATA[95AE215A8AE30D0079E4B8F874EE748B]]></sign>
<time_end><![CDATA[20190421112834]]></time_end>
<total_fee>1</total_fee>
<trade_type><![CDATA[NATIVE]]></trade_type>
<transaction_id><![CDATA[4200000298201904219566320755]]></transaction_id>
</xml>
<<<<<<<2019-04-21 12:34:47
<xml><appid><![CDATA[wxd5af665b240b75d4]]></appid>
<bank_type><![CDATA[CFT]]></bank_type>
<cash_fee><![CDATA[1]]></cash_fee>
<fee_type><![CDATA[CNY]]></fee_type>
<is_subscribe><![CDATA[N]]></is_subscribe>
<mch_id><![CDATA[1500086022]]></mch_id>
<nonce_str><![CDATA[6RmHxjndoOJevIne]]></nonce_str>
<openid><![CDATA[osZaFw0svRpBW1fTu5xMtqQsqeRA]]></openid>
<out_trade_no><![CDATA[1809a_19042110_223e99975a0e3c24]]></out_trade_no>
<result_code><![CDATA[SUCCESS]]></result_code>
<return_code><![CDATA[SUCCESS]]></return_code>
<sign><![CDATA[D8EFBD63AB9075A18C4D64A3ABBCBB25]]></sign>
<time_end><![CDATA[20190421110038]]></time_end>
<total_fee>1</total_fee>
<trade_type><![CDATA[NATIVE]]></trade_type>
<transaction_id><![CDATA[4200000306201904216067127279]]></transaction_id>
</xml>
<<<<<<<2019-04-21 12:36:51
<xml><appid><![CDATA[wxd5af665b240b75d4]]></appid>
<bank_type><![CDATA[CFT]]></bank_type>
<cash_fee><![CDATA[1]]></cash_fee>
<fee_type><![CDATA[CNY]]></fee_type>
<is_subscribe><![CDATA[N]]></is_subscribe>
<mch_id><![CDATA[1500086022]]></mch_id>
<nonce_str><![CDATA[9Uoh5NEctsb6Wt19]]></nonce_str>
<openid><![CDATA[osZaFw0svRpBW1fTu5xMtqQsqeRA]]></openid>
<out_trade_no><![CDATA[1809a_19042111_99e92aaad30f6857]]></out_trade_no>
<result_code><![CDATA[SUCCESS]]></result_code>
<return_code><![CDATA[SUCCESS]]></return_code>
<sign><![CDATA[B1CB3DB6F3D0D0B39C54D2FBE0F7F93B]]></sign>
<time_end><![CDATA[20190421113239]]></time_end>
<total_fee>1</total_fee>
<trade_type><![CDATA[NATIVE]]></trade_type>
<transaction_id><![CDATA[4200000299201904219525786981]]></transaction_id>
</xml>
<<<<<<<2019-04-21 12:39:06
<xml><appid><![CDATA[wxd5af665b240b75d4]]></appid>
<bank_type><![CDATA[CFT]]></bank_type>
<cash_fee><![CDATA[1]]></cash_fee>
<fee_type><![CDATA[CNY]]></fee_type>
<is_subscribe><![CDATA[N]]></is_subscribe>
<mch_id><![CDATA[1500086022]]></mch_id>
<nonce_str><![CDATA[1UNcUEl01DeQu6uQ]]></nonce_str>
<openid><![CDATA[osZaFw0svRpBW1fTu5xMtqQsqeRA]]></openid>
<out_trade_no><![CDATA[1809a_19042111_44aee9decbcc3aca]]></out_trade_no>
<result_code><![CDATA[SUCCESS]]></result_code>
<return_code><![CDATA[SUCCESS]]></return_code>
<sign><![CDATA[997DC11B7A0ED5DBCF732A9A98C1D7CB]]></sign>
<time_end><![CDATA[20190421113458]]></time_end>
<total_fee>1</total_fee>
<trade_type><![CDATA[NATIVE]]></trade_type>
<transaction_id><![CDATA[4200000299201904211223021159]]></transaction_id>
</xml>
<<<<<<<2019-04-21 12:39:32
<xml><appid><![CDATA[wxd5af665b240b75d4]]></appid>
<bank_type><![CDATA[CFT]]></bank_type>
<cash_fee><![CDATA[1]]></cash_fee>
<fee_type><![CDATA[CNY]]></fee_type>
<is_subscribe><![CDATA[N]]></is_subscribe>
<mch_id><![CDATA[1500086022]]></mch_id>
<nonce_str><![CDATA[rekLdEztmWz9M6cE]]></nonce_str>
<openid><![CDATA[osZaFw0svRpBW1fTu5xMtqQsqeRA]]></openid>
<out_trade_no><![CDATA[1809a_19042111_f86d29a637b64b95]]></out_trade_no>
<result_code><![CDATA[SUCCESS]]></result_code>
<return_code><![CDATA[SUCCESS]]></return_code>
<sign><![CDATA[6C5F82187BAA2040874953C19E4ED3C3]]></sign>
<time_end><![CDATA[20190421110524]]></time_end>
<total_fee>1</total_fee>
<trade_type><![CDATA[NATIVE]]></trade_type>
<transaction_id><![CDATA[4200000303201904217104419473]]></transaction_id>
</xml>
<<<<<<<2019-04-21 12:47:14
<xml><appid><![CDATA[wxd5af665b240b75d4]]></appid>
<bank_type><![CDATA[CFT]]></bank_type>
<cash_fee><![CDATA[1]]></cash_fee>
<fee_type><![CDATA[CNY]]></fee_type>
<is_subscribe><![CDATA[N]]></is_subscribe>
<mch_id><![CDATA[1500086022]]></mch_id>
<nonce_str><![CDATA[hnKeq7gjmr0XmwbK]]></nonce_str>
<openid><![CDATA[osZaFw0svRpBW1fTu5xMtqQsqeRA]]></openid>
<out_trade_no><![CDATA[1809a_19042111_f4de6498335aac38]]></out_trade_no>
<result_code><![CDATA[SUCCESS]]></result_code>
<return_code><![CDATA[SUCCESS]]></return_code>
<sign><![CDATA[26758651947C25A05EF11B9AEFB23EED]]></sign>
<time_end><![CDATA[20190421111304]]></time_end>
<total_fee>1</total_fee>
<trade_type><![CDATA[NATIVE]]></trade_type>
<transaction_id><![CDATA[4200000290201904215944618994]]></transaction_id>
</xml>
<<<<<<<2019-04-21 12:55:38
<xml><appid><![CDATA[wxd5af665b240b75d4]]></appid>
<bank_type><![CDATA[CFT]]></bank_type>
<cash_fee><![CDATA[1]]></cash_fee>
<fee_type><![CDATA[CNY]]></fee_type>
<is_subscribe><![CDATA[N]]></is_subscribe>
<mch_id><![CDATA[1500086022]]></mch_id>
<nonce_str><![CDATA[toDnIXNBaaoYXgO1]]></nonce_str>
<openid><![CDATA[osZaFw0svRpBW1fTu5xMtqQsqeRA]]></openid>
<out_trade_no><![CDATA[1809a_19042111_be9ff00623c67ef7]]></out_trade_no>
<result_code><![CDATA[SUCCESS]]></result_code>
<return_code><![CDATA[SUCCESS]]></return_code>
<sign><![CDATA[ECF61052F468E86F713DC61D7679FF59]]></sign>
<time_end><![CDATA[20190421112129]]></time_end>
<total_fee>1</total_fee>
<trade_type><![CDATA[NATIVE]]></trade_type>
<transaction_id><![CDATA[4200000298201904218981061198]]></transaction_id>
</xml>
<<<<<<<2019-04-21 13:02:43
<xml><appid><![CDATA[wxd5af665b240b75d4]]></appid>
<bank_type><![CDATA[CFT]]></bank_type>
<cash_fee><![CDATA[1]]></cash_fee>
<fee_type><![CDATA[CNY]]></fee_type>
<is_subscribe><![CDATA[N]]></is_subscribe>
<mch_id><![CDATA[1500086022]]></mch_id>
<nonce_str><![CDATA[WgPJnQVmyFu0fwW2]]></nonce_str>
<openid><![CDATA[osZaFw0svRpBW1fTu5xMtqQsqeRA]]></openid>
<out_trade_no><![CDATA[1809a_19042111_415daf2f49de6d47]]></out_trade_no>
<result_code><![CDATA[SUCCESS]]></result_code>
<return_code><![CDATA[SUCCESS]]></return_code>
<sign><![CDATA[95AE215A8AE30D0079E4B8F874EE748B]]></sign>
<time_end><![CDATA[20190421112834]]></time_end>
<total_fee>1</total_fee>
<trade_type><![CDATA[NATIVE]]></trade_type>
<transaction_id><![CDATA[4200000298201904219566320755]]></transaction_id>
</xml>
<<<<<<<2019-04-21 13:06:52
<xml><appid><![CDATA[wxd5af665b240b75d4]]></appid>
<bank_type><![CDATA[CFT]]></bank_type>
<cash_fee><![CDATA[1]]></cash_fee>
<fee_type><![CDATA[CNY]]></fee_type>
<is_subscribe><![CDATA[N]]></is_subscribe>
<mch_id><![CDATA[1500086022]]></mch_id>
<nonce_str><![CDATA[9Uoh5NEctsb6Wt19]]></nonce_str>
<openid><![CDATA[osZaFw0svRpBW1fTu5xMtqQsqeRA]]></openid>
<out_trade_no><![CDATA[1809a_19042111_99e92aaad30f6857]]></out_trade_no>
<result_code><![CDATA[SUCCESS]]></result_code>
<return_code><![CDATA[SUCCESS]]></return_code>
<sign><![CDATA[B1CB3DB6F3D0D0B39C54D2FBE0F7F93B]]></sign>
<time_end><![CDATA[20190421113239]]></time_end>
<total_fee>1</total_fee>
<trade_type><![CDATA[NATIVE]]></trade_type>
<transaction_id><![CDATA[4200000299201904219525786981]]></transaction_id>
</xml>
<<<<<<<2019-04-21 13:09:08
<xml><appid><![CDATA[wxd5af665b240b75d4]]></appid>
<bank_type><![CDATA[CFT]]></bank_type>
<cash_fee><![CDATA[1]]></cash_fee>
<fee_type><![CDATA[CNY]]></fee_type>
<is_subscribe><![CDATA[N]]></is_subscribe>
<mch_id><![CDATA[1500086022]]></mch_id>
<nonce_str><![CDATA[1UNcUEl01DeQu6uQ]]></nonce_str>
<openid><![CDATA[osZaFw0svRpBW1fTu5xMtqQsqeRA]]></openid>
<out_trade_no><![CDATA[1809a_19042111_44aee9decbcc3aca]]></out_trade_no>
<result_code><![CDATA[SUCCESS]]></result_code>
<return_code><![CDATA[SUCCESS]]></return_code>
<sign><![CDATA[997DC11B7A0ED5DBCF732A9A98C1D7CB]]></sign>
<time_end><![CDATA[20190421113458]]></time_end>
<total_fee>1</total_fee>
<trade_type><![CDATA[NATIVE]]></trade_type>
<transaction_id><![CDATA[4200000299201904211223021159]]></transaction_id>
</xml>
<<<<<<<2019-04-21 13:34:48
<xml><appid><![CDATA[wxd5af665b240b75d4]]></appid>
<bank_type><![CDATA[CFT]]></bank_type>
<cash_fee><![CDATA[1]]></cash_fee>
<fee_type><![CDATA[CNY]]></fee_type>
<is_subscribe><![CDATA[N]]></is_subscribe>
<mch_id><![CDATA[1500086022]]></mch_id>
<nonce_str><![CDATA[6RmHxjndoOJevIne]]></nonce_str>
<openid><![CDATA[osZaFw0svRpBW1fTu5xMtqQsqeRA]]></openid>
<out_trade_no><![CDATA[1809a_19042110_223e99975a0e3c24]]></out_trade_no>
<result_code><![CDATA[SUCCESS]]></result_code>
<return_code><![CDATA[SUCCESS]]></return_code>
<sign><![CDATA[D8EFBD63AB9075A18C4D64A3ABBCBB25]]></sign>
<time_end><![CDATA[20190421110038]]></time_end>
<total_fee>1</total_fee>
<trade_type><![CDATA[NATIVE]]></trade_type>
<transaction_id><![CDATA[4200000306201904216067127279]]></transaction_id>
</xml>
<<<<<<<2019-04-21 13:39:33
<xml><appid><![CDATA[wxd5af665b240b75d4]]></appid>
<bank_type><![CDATA[CFT]]></bank_type>
<cash_fee><![CDATA[1]]></cash_fee>
<fee_type><![CDATA[CNY]]></fee_type>
<is_subscribe><![CDATA[N]]></is_subscribe>
<mch_id><![CDATA[1500086022]]></mch_id>
<nonce_str><![CDATA[rekLdEztmWz9M6cE]]></nonce_str>
<openid><![CDATA[osZaFw0svRpBW1fTu5xMtqQsqeRA]]></openid>
<out_trade_no><![CDATA[1809a_19042111_f86d29a637b64b95]]></out_trade_no>
<result_code><![CDATA[SUCCESS]]></result_code>
<return_code><![CDATA[SUCCESS]]></return_code>
<sign><![CDATA[6C5F82187BAA2040874953C19E4ED3C3]]></sign>
<time_end><![CDATA[20190421110524]]></time_end>
<total_fee>1</total_fee>
<trade_type><![CDATA[NATIVE]]></trade_type>
<transaction_id><![CDATA[4200000303201904217104419473]]></transaction_id>
</xml>
<<<<<<<2019-04-21 13:47:15
<xml><appid><![CDATA[wxd5af665b240b75d4]]></appid>
<bank_type><![CDATA[CFT]]></bank_type>
<cash_fee><![CDATA[1]]></cash_fee>
<fee_type><![CDATA[CNY]]></fee_type>
<is_subscribe><![CDATA[N]]></is_subscribe>
<mch_id><![CDATA[1500086022]]></mch_id>
<nonce_str><![CDATA[hnKeq7gjmr0XmwbK]]></nonce_str>
<openid><![CDATA[osZaFw0svRpBW1fTu5xMtqQsqeRA]]></openid>
<out_trade_no><![CDATA[1809a_19042111_f4de6498335aac38]]></out_trade_no>
<result_code><![CDATA[SUCCESS]]></result_code>
<return_code><![CDATA[SUCCESS]]></return_code>
<sign><![CDATA[26758651947C25A05EF11B9AEFB23EED]]></sign>
<time_end><![CDATA[20190421111304]]></time_end>
<total_fee>1</total_fee>
<trade_type><![CDATA[NATIVE]]></trade_type>
<transaction_id><![CDATA[4200000290201904215944618994]]></transaction_id>
</xml>
<<<<<<<2019-04-21 13:55:39
<xml><appid><![CDATA[wxd5af665b240b75d4]]></appid>
<bank_type><![CDATA[CFT]]></bank_type>
<cash_fee><![CDATA[1]]></cash_fee>
<fee_type><![CDATA[CNY]]></fee_type>
<is_subscribe><![CDATA[N]]></is_subscribe>
<mch_id><![CDATA[1500086022]]></mch_id>
<nonce_str><![CDATA[toDnIXNBaaoYXgO1]]></nonce_str>
<openid><![CDATA[osZaFw0svRpBW1fTu5xMtqQsqeRA]]></openid>
<out_trade_no><![CDATA[1809a_19042111_be9ff00623c67ef7]]></out_trade_no>
<result_code><![CDATA[SUCCESS]]></result_code>
<return_code><![CDATA[SUCCESS]]></return_code>
<sign><![CDATA[ECF61052F468E86F713DC61D7679FF59]]></sign>
<time_end><![CDATA[20190421112129]]></time_end>
<total_fee>1</total_fee>
<trade_type><![CDATA[NATIVE]]></trade_type>
<transaction_id><![CDATA[4200000298201904218981061198]]></transaction_id>
</xml>
<<<<<<<2019-04-21 14:02:45
<xml><appid><![CDATA[wxd5af665b240b75d4]]></appid>
<bank_type><![CDATA[CFT]]></bank_type>
<cash_fee><![CDATA[1]]></cash_fee>
<fee_type><![CDATA[CNY]]></fee_type>
<is_subscribe><![CDATA[N]]></is_subscribe>
<mch_id><![CDATA[1500086022]]></mch_id>
<nonce_str><![CDATA[WgPJnQVmyFu0fwW2]]></nonce_str>
<openid><![CDATA[osZaFw0svRpBW1fTu5xMtqQsqeRA]]></openid>
<out_trade_no><![CDATA[1809a_19042111_415daf2f49de6d47]]></out_trade_no>
<result_code><![CDATA[SUCCESS]]></result_code>
<return_code><![CDATA[SUCCESS]]></return_code>
<sign><![CDATA[95AE215A8AE30D0079E4B8F874EE748B]]></sign>
<time_end><![CDATA[20190421112834]]></time_end>
<total_fee>1</total_fee>
<trade_type><![CDATA[NATIVE]]></trade_type>
<transaction_id><![CDATA[4200000298201904219566320755]]></transaction_id>
</xml>
<<<<<<<2019-04-21 14:06:54
<xml><appid><![CDATA[wxd5af665b240b75d4]]></appid>
<bank_type><![CDATA[CFT]]></bank_type>
<cash_fee><![CDATA[1]]></cash_fee>
<fee_type><![CDATA[CNY]]></fee_type>
<is_subscribe><![CDATA[N]]></is_subscribe>
<mch_id><![CDATA[1500086022]]></mch_id>
<nonce_str><![CDATA[9Uoh5NEctsb6Wt19]]></nonce_str>
<openid><![CDATA[osZaFw0svRpBW1fTu5xMtqQsqeRA]]></openid>
<out_trade_no><![CDATA[1809a_19042111_99e92aaad30f6857]]></out_trade_no>
<result_code><![CDATA[SUCCESS]]></result_code>
<return_code><![CDATA[SUCCESS]]></return_code>
<sign><![CDATA[B1CB3DB6F3D0D0B39C54D2FBE0F7F93B]]></sign>
<time_end><![CDATA[20190421113239]]></time_end>
<total_fee>1</total_fee>
<trade_type><![CDATA[NATIVE]]></trade_type>
<transaction_id><![CDATA[4200000299201904219525786981]]></transaction_id>
</xml>
<<<<<<<2019-04-21 14:09:09
<xml><appid><![CDATA[wxd5af665b240b75d4]]></appid>
<bank_type><![CDATA[CFT]]></bank_type>
<cash_fee><![CDATA[1]]></cash_fee>
<fee_type><![CDATA[CNY]]></fee_type>
<is_subscribe><![CDATA[N]]></is_subscribe>
<mch_id><![CDATA[1500086022]]></mch_id>
<nonce_str><![CDATA[1UNcUEl01DeQu6uQ]]></nonce_str>
<openid><![CDATA[osZaFw0svRpBW1fTu5xMtqQsqeRA]]></openid>
<out_trade_no><![CDATA[1809a_19042111_44aee9decbcc3aca]]></out_trade_no>
<result_code><![CDATA[SUCCESS]]></result_code>
<return_code><![CDATA[SUCCESS]]></return_code>
<sign><![CDATA[997DC11B7A0ED5DBCF732A9A98C1D7CB]]></sign>
<time_end><![CDATA[20190421113458]]></time_end>
<total_fee>1</total_fee>
<trade_type><![CDATA[NATIVE]]></trade_type>
<transaction_id><![CDATA[4200000299201904211223021159]]></transaction_id>
</xml>
<<<<<<<2019-04-21 16:34:48
<xml><appid><![CDATA[wxd5af665b240b75d4]]></appid>
<bank_type><![CDATA[CFT]]></bank_type>
<cash_fee><![CDATA[1]]></cash_fee>
<fee_type><![CDATA[CNY]]></fee_type>
<is_subscribe><![CDATA[N]]></is_subscribe>
<mch_id><![CDATA[1500086022]]></mch_id>
<nonce_str><![CDATA[6RmHxjndoOJevIne]]></nonce_str>
<openid><![CDATA[osZaFw0svRpBW1fTu5xMtqQsqeRA]]></openid>
<out_trade_no><![CDATA[1809a_19042110_223e99975a0e3c24]]></out_trade_no>
<result_code><![CDATA[SUCCESS]]></result_code>
<return_code><![CDATA[SUCCESS]]></return_code>
<sign><![CDATA[D8EFBD63AB9075A18C4D64A3ABBCBB25]]></sign>
<time_end><![CDATA[20190421110038]]></time_end>
<total_fee>1</total_fee>
<trade_type><![CDATA[NATIVE]]></trade_type>
<transaction_id><![CDATA[4200000306201904216067127279]]></transaction_id>
</xml>
<<<<<<<2019-04-21 16:39:34
<xml><appid><![CDATA[wxd5af665b240b75d4]]></appid>
<bank_type><![CDATA[CFT]]></bank_type>
<cash_fee><![CDATA[1]]></cash_fee>
<fee_type><![CDATA[CNY]]></fee_type>
<is_subscribe><![CDATA[N]]></is_subscribe>
<mch_id><![CDATA[1500086022]]></mch_id>
<nonce_str><![CDATA[rekLdEztmWz9M6cE]]></nonce_str>
<openid><![CDATA[osZaFw0svRpBW1fTu5xMtqQsqeRA]]></openid>
<out_trade_no><![CDATA[1809a_19042111_f86d29a637b64b95]]></out_trade_no>
<result_code><![CDATA[SUCCESS]]></result_code>
<return_code><![CDATA[SUCCESS]]></return_code>
<sign><![CDATA[6C5F82187BAA2040874953C19E4ED3C3]]></sign>
<time_end><![CDATA[20190421110524]]></time_end>
<total_fee>1</total_fee>
<trade_type><![CDATA[NATIVE]]></trade_type>
<transaction_id><![CDATA[4200000303201904217104419473]]></transaction_id>
</xml>
<<<<<<<2019-04-21 16:47:16
<xml><appid><![CDATA[wxd5af665b240b75d4]]></appid>
<bank_type><![CDATA[CFT]]></bank_type>
<cash_fee><![CDATA[1]]></cash_fee>
<fee_type><![CDATA[CNY]]></fee_type>
<is_subscribe><![CDATA[N]]></is_subscribe>
<mch_id><![CDATA[1500086022]]></mch_id>
<nonce_str><![CDATA[hnKeq7gjmr0XmwbK]]></nonce_str>
<openid><![CDATA[osZaFw0svRpBW1fTu5xMtqQsqeRA]]></openid>
<out_trade_no><![CDATA[1809a_19042111_f4de6498335aac38]]></out_trade_no>
<result_code><![CDATA[SUCCESS]]></result_code>
<return_code><![CDATA[SUCCESS]]></return_code>
<sign><![CDATA[26758651947C25A05EF11B9AEFB23EED]]></sign>
<time_end><![CDATA[20190421111304]]></time_end>
<total_fee>1</total_fee>
<trade_type><![CDATA[NATIVE]]></trade_type>
<transaction_id><![CDATA[4200000290201904215944618994]]></transaction_id>
</xml>
<<<<<<<2019-04-21 16:55:40
<xml><appid><![CDATA[wxd5af665b240b75d4]]></appid>
<bank_type><![CDATA[CFT]]></bank_type>
<cash_fee><![CDATA[1]]></cash_fee>
<fee_type><![CDATA[CNY]]></fee_type>
<is_subscribe><![CDATA[N]]></is_subscribe>
<mch_id><![CDATA[1500086022]]></mch_id>
<nonce_str><![CDATA[toDnIXNBaaoYXgO1]]></nonce_str>
<openid><![CDATA[osZaFw0svRpBW1fTu5xMtqQsqeRA]]></openid>
<out_trade_no><![CDATA[1809a_19042111_be9ff00623c67ef7]]></out_trade_no>
<result_code><![CDATA[SUCCESS]]></result_code>
<return_code><![CDATA[SUCCESS]]></return_code>
<sign><![CDATA[ECF61052F468E86F713DC61D7679FF59]]></sign>
<time_end><![CDATA[20190421112129]]></time_end>
<total_fee>1</total_fee>
<trade_type><![CDATA[NATIVE]]></trade_type>
<transaction_id><![CDATA[4200000298201904218981061198]]></transaction_id>
</xml>
<<<<<<<2019-04-21 17:02:46
<xml><appid><![CDATA[wxd5af665b240b75d4]]></appid>
<bank_type><![CDATA[CFT]]></bank_type>
<cash_fee><![CDATA[1]]></cash_fee>
<fee_type><![CDATA[CNY]]></fee_type>
<is_subscribe><![CDATA[N]]></is_subscribe>
<mch_id><![CDATA[1500086022]]></mch_id>
<nonce_str><![CDATA[WgPJnQVmyFu0fwW2]]></nonce_str>
<openid><![CDATA[osZaFw0svRpBW1fTu5xMtqQsqeRA]]></openid>
<out_trade_no><![CDATA[1809a_19042111_415daf2f49de6d47]]></out_trade_no>
<result_code><![CDATA[SUCCESS]]></result_code>
<return_code><![CDATA[SUCCESS]]></return_code>
<sign><![CDATA[95AE215A8AE30D0079E4B8F874EE748B]]></sign>
<time_end><![CDATA[20190421112834]]></time_end>
<total_fee>1</total_fee>
<trade_type><![CDATA[NATIVE]]></trade_type>
<transaction_id><![CDATA[4200000298201904219566320755]]></transaction_id>
</xml>
<<<<<<<2019-04-21 17:06:55
<xml><appid><![CDATA[wxd5af665b240b75d4]]></appid>
<bank_type><![CDATA[CFT]]></bank_type>
<cash_fee><![CDATA[1]]></cash_fee>
<fee_type><![CDATA[CNY]]></fee_type>
<is_subscribe><![CDATA[N]]></is_subscribe>
<mch_id><![CDATA[1500086022]]></mch_id>
<nonce_str><![CDATA[9Uoh5NEctsb6Wt19]]></nonce_str>
<openid><![CDATA[osZaFw0svRpBW1fTu5xMtqQsqeRA]]></openid>
<out_trade_no><![CDATA[1809a_19042111_99e92aaad30f6857]]></out_trade_no>
<result_code><![CDATA[SUCCESS]]></result_code>
<return_code><![CDATA[SUCCESS]]></return_code>
<sign><![CDATA[B1CB3DB6F3D0D0B39C54D2FBE0F7F93B]]></sign>
<time_end><![CDATA[20190421113239]]></time_end>
<total_fee>1</total_fee>
<trade_type><![CDATA[NATIVE]]></trade_type>
<transaction_id><![CDATA[4200000299201904219525786981]]></transaction_id>
</xml>
<<<<<<<2019-04-21 17:09:10
<xml><appid><![CDATA[wxd5af665b240b75d4]]></appid>
<bank_type><![CDATA[CFT]]></bank_type>
<cash_fee><![CDATA[1]]></cash_fee>
<fee_type><![CDATA[CNY]]></fee_type>
<is_subscribe><![CDATA[N]]></is_subscribe>
<mch_id><![CDATA[1500086022]]></mch_id>
<nonce_str><![CDATA[1UNcUEl01DeQu6uQ]]></nonce_str>
<openid><![CDATA[osZaFw0svRpBW1fTu5xMtqQsqeRA]]></openid>
<out_trade_no><![CDATA[1809a_19042111_44aee9decbcc3aca]]></out_trade_no>
<result_code><![CDATA[SUCCESS]]></result_code>
<return_code><![CDATA[SUCCESS]]></return_code>
<sign><![CDATA[997DC11B7A0ED5DBCF732A9A98C1D7CB]]></sign>
<time_end><![CDATA[20190421113458]]></time_end>
<total_fee>1</total_fee>
<trade_type><![CDATA[NATIVE]]></trade_type>
<transaction_id><![CDATA[4200000299201904211223021159]]></transaction_id>
</xml>
<<<<<<<2019-04-21 19:34:50
<xml><appid><![CDATA[wxd5af665b240b75d4]]></appid>
<bank_type><![CDATA[CFT]]></bank_type>
<cash_fee><![CDATA[1]]></cash_fee>
<fee_type><![CDATA[CNY]]></fee_type>
<is_subscribe><![CDATA[N]]></is_subscribe>
<mch_id><![CDATA[1500086022]]></mch_id>
<nonce_str><![CDATA[6RmHxjndoOJevIne]]></nonce_str>
<openid><![CDATA[osZaFw0svRpBW1fTu5xMtqQsqeRA]]></openid>
<out_trade_no><![CDATA[1809a_19042110_223e99975a0e3c24]]></out_trade_no>
<result_code><![CDATA[SUCCESS]]></result_code>
<return_code><![CDATA[SUCCESS]]></return_code>
<sign><![CDATA[D8EFBD63AB9075A18C4D64A3ABBCBB25]]></sign>
<time_end><![CDATA[20190421110038]]></time_end>
<total_fee>1</total_fee>
<trade_type><![CDATA[NATIVE]]></trade_type>
<transaction_id><![CDATA[4200000306201904216067127279]]></transaction_id>
</xml>
<<<<<<<2019-04-21 19:39:36
<xml><appid><![CDATA[wxd5af665b240b75d4]]></appid>
<bank_type><![CDATA[CFT]]></bank_type>
<cash_fee><![CDATA[1]]></cash_fee>
<fee_type><![CDATA[CNY]]></fee_type>
<is_subscribe><![CDATA[N]]></is_subscribe>
<mch_id><![CDATA[1500086022]]></mch_id>
<nonce_str><![CDATA[rekLdEztmWz9M6cE]]></nonce_str>
<openid><![CDATA[osZaFw0svRpBW1fTu5xMtqQsqeRA]]></openid>
<out_trade_no><![CDATA[1809a_19042111_f86d29a637b64b95]]></out_trade_no>
<result_code><![CDATA[SUCCESS]]></result_code>
<return_code><![CDATA[SUCCESS]]></return_code>
<sign><![CDATA[6C5F82187BAA2040874953C19E4ED3C3]]></sign>
<time_end><![CDATA[20190421110524]]></time_end>
<total_fee>1</total_fee>
<trade_type><![CDATA[NATIVE]]></trade_type>
<transaction_id><![CDATA[4200000303201904217104419473]]></transaction_id>
</xml>
<<<<<<<2019-04-21 19:47:17
<xml><appid><![CDATA[wxd5af665b240b75d4]]></appid>
<bank_type><![CDATA[CFT]]></bank_type>
<cash_fee><![CDATA[1]]></cash_fee>
<fee_type><![CDATA[CNY]]></fee_type>
<is_subscribe><![CDATA[N]]></is_subscribe>
<mch_id><![CDATA[1500086022]]></mch_id>
<nonce_str><![CDATA[hnKeq7gjmr0XmwbK]]></nonce_str>
<openid><![CDATA[osZaFw0svRpBW1fTu5xMtqQsqeRA]]></openid>
<out_trade_no><![CDATA[1809a_19042111_f4de6498335aac38]]></out_trade_no>
<result_code><![CDATA[SUCCESS]]></result_code>
<return_code><![CDATA[SUCCESS]]></return_code>
<sign><![CDATA[26758651947C25A05EF11B9AEFB23EED]]></sign>
<time_end><![CDATA[20190421111304]]></time_end>
<total_fee>1</total_fee>
<trade_type><![CDATA[NATIVE]]></trade_type>
<transaction_id><![CDATA[4200000290201904215944618994]]></transaction_id>
</xml>
<<<<<<<2019-04-21 19:55:42
<xml><appid><![CDATA[wxd5af665b240b75d4]]></appid>
<bank_type><![CDATA[CFT]]></bank_type>
<cash_fee><![CDATA[1]]></cash_fee>
<fee_type><![CDATA[CNY]]></fee_type>
<is_subscribe><![CDATA[N]]></is_subscribe>
<mch_id><![CDATA[1500086022]]></mch_id>
<nonce_str><![CDATA[toDnIXNBaaoYXgO1]]></nonce_str>
<openid><![CDATA[osZaFw0svRpBW1fTu5xMtqQsqeRA]]></openid>
<out_trade_no><![CDATA[1809a_19042111_be9ff00623c67ef7]]></out_trade_no>
<result_code><![CDATA[SUCCESS]]></result_code>
<return_code><![CDATA[SUCCESS]]></return_code>
<sign><![CDATA[ECF61052F468E86F713DC61D7679FF59]]></sign>
<time_end><![CDATA[20190421112129]]></time_end>
<total_fee>1</total_fee>
<trade_type><![CDATA[NATIVE]]></trade_type>
<transaction_id><![CDATA[4200000298201904218981061198]]></transaction_id>
</xml>
<<<<<<<2019-04-21 20:02:47
<xml><appid><![CDATA[wxd5af665b240b75d4]]></appid>
<bank_type><![CDATA[CFT]]></bank_type>
<cash_fee><![CDATA[1]]></cash_fee>
<fee_type><![CDATA[CNY]]></fee_type>
<is_subscribe><![CDATA[N]]></is_subscribe>
<mch_id><![CDATA[1500086022]]></mch_id>
<nonce_str><![CDATA[WgPJnQVmyFu0fwW2]]></nonce_str>
<openid><![CDATA[osZaFw0svRpBW1fTu5xMtqQsqeRA]]></openid>
<out_trade_no><![CDATA[1809a_19042111_415daf2f49de6d47]]></out_trade_no>
<result_code><![CDATA[SUCCESS]]></result_code>
<return_code><![CDATA[SUCCESS]]></return_code>
<sign><![CDATA[95AE215A8AE30D0079E4B8F874EE748B]]></sign>
<time_end><![CDATA[20190421112834]]></time_end>
<total_fee>1</total_fee>
<trade_type><![CDATA[NATIVE]]></trade_type>
<transaction_id><![CDATA[4200000298201904219566320755]]></transaction_id>
</xml>
<<<<<<<2019-04-21 20:06:57
<xml><appid><![CDATA[wxd5af665b240b75d4]]></appid>
<bank_type><![CDATA[CFT]]></bank_type>
<cash_fee><![CDATA[1]]></cash_fee>
<fee_type><![CDATA[CNY]]></fee_type>
<is_subscribe><![CDATA[N]]></is_subscribe>
<mch_id><![CDATA[1500086022]]></mch_id>
<nonce_str><![CDATA[9Uoh5NEctsb6Wt19]]></nonce_str>
<openid><![CDATA[osZaFw0svRpBW1fTu5xMtqQsqeRA]]></openid>
<out_trade_no><![CDATA[1809a_19042111_99e92aaad30f6857]]></out_trade_no>
<result_code><![CDATA[SUCCESS]]></result_code>
<return_code><![CDATA[SUCCESS]]></return_code>
<sign><![CDATA[B1CB3DB6F3D0D0B39C54D2FBE0F7F93B]]></sign>
<time_end><![CDATA[20190421113239]]></time_end>
<total_fee>1</total_fee>
<trade_type><![CDATA[NATIVE]]></trade_type>
<transaction_id><![CDATA[4200000299201904219525786981]]></transaction_id>
</xml>
<<<<<<<2019-04-21 20:09:12
<xml><appid><![CDATA[wxd5af665b240b75d4]]></appid>
<bank_type><![CDATA[CFT]]></bank_type>
<cash_fee><![CDATA[1]]></cash_fee>
<fee_type><![CDATA[CNY]]></fee_type>
<is_subscribe><![CDATA[N]]></is_subscribe>
<mch_id><![CDATA[1500086022]]></mch_id>
<nonce_str><![CDATA[1UNcUEl01DeQu6uQ]]></nonce_str>
<openid><![CDATA[osZaFw0svRpBW1fTu5xMtqQsqeRA]]></openid>
<out_trade_no><![CDATA[1809a_19042111_44aee9decbcc3aca]]></out_trade_no>
<result_code><![CDATA[SUCCESS]]></result_code>
<return_code><![CDATA[SUCCESS]]></return_code>
<sign><![CDATA[997DC11B7A0ED5DBCF732A9A98C1D7CB]]></sign>
<time_end><![CDATA[20190421113458]]></time_end>
<total_fee>1</total_fee>
<trade_type><![CDATA[NATIVE]]></trade_type>
<transaction_id><![CDATA[4200000299201904211223021159]]></transaction_id>
</xml>
<<<<<<<2019-04-21 22:34:52
<xml><appid><![CDATA[wxd5af665b240b75d4]]></appid>
<bank_type><![CDATA[CFT]]></bank_type>
<cash_fee><![CDATA[1]]></cash_fee>
<fee_type><![CDATA[CNY]]></fee_type>
<is_subscribe><![CDATA[N]]></is_subscribe>
<mch_id><![CDATA[1500086022]]></mch_id>
<nonce_str><![CDATA[6RmHxjndoOJevIne]]></nonce_str>
<openid><![CDATA[osZaFw0svRpBW1fTu5xMtqQsqeRA]]></openid>
<out_trade_no><![CDATA[1809a_19042110_223e99975a0e3c24]]></out_trade_no>
<result_code><![CDATA[SUCCESS]]></result_code>
<return_code><![CDATA[SUCCESS]]></return_code>
<sign><![CDATA[D8EFBD63AB9075A18C4D64A3ABBCBB25]]></sign>
<time_end><![CDATA[20190421110038]]></time_end>
<total_fee>1</total_fee>
<trade_type><![CDATA[NATIVE]]></trade_type>
<transaction_id><![CDATA[4200000306201904216067127279]]></transaction_id>
</xml>
<<<<<<<2019-04-21 22:39:37
<xml><appid><![CDATA[wxd5af665b240b75d4]]></appid>
<bank_type><![CDATA[CFT]]></bank_type>
<cash_fee><![CDATA[1]]></cash_fee>
<fee_type><![CDATA[CNY]]></fee_type>
<is_subscribe><![CDATA[N]]></is_subscribe>
<mch_id><![CDATA[1500086022]]></mch_id>
<nonce_str><![CDATA[rekLdEztmWz9M6cE]]></nonce_str>
<openid><![CDATA[osZaFw0svRpBW1fTu5xMtqQsqeRA]]></openid>
<out_trade_no><![CDATA[1809a_19042111_f86d29a637b64b95]]></out_trade_no>
<result_code><![CDATA[SUCCESS]]></result_code>
<return_code><![CDATA[SUCCESS]]></return_code>
<sign><![CDATA[6C5F82187BAA2040874953C19E4ED3C3]]></sign>
<time_end><![CDATA[20190421110524]]></time_end>
<total_fee>1</total_fee>
<trade_type><![CDATA[NATIVE]]></trade_type>
<transaction_id><![CDATA[4200000303201904217104419473]]></transaction_id>
</xml>
<<<<<<<2019-04-21 22:47:18
<xml><appid><![CDATA[wxd5af665b240b75d4]]></appid>
<bank_type><![CDATA[CFT]]></bank_type>
<cash_fee><![CDATA[1]]></cash_fee>
<fee_type><![CDATA[CNY]]></fee_type>
<is_subscribe><![CDATA[N]]></is_subscribe>
<mch_id><![CDATA[1500086022]]></mch_id>
<nonce_str><![CDATA[hnKeq7gjmr0XmwbK]]></nonce_str>
<openid><![CDATA[osZaFw0svRpBW1fTu5xMtqQsqeRA]]></openid>
<out_trade_no><![CDATA[1809a_19042111_f4de6498335aac38]]></out_trade_no>
<result_code><![CDATA[SUCCESS]]></result_code>
<return_code><![CDATA[SUCCESS]]></return_code>
<sign><![CDATA[26758651947C25A05EF11B9AEFB23EED]]></sign>
<time_end><![CDATA[20190421111304]]></time_end>
<total_fee>1</total_fee>
<trade_type><![CDATA[NATIVE]]></trade_type>
<transaction_id><![CDATA[4200000290201904215944618994]]></transaction_id>
</xml>
<<<<<<<2019-04-21 22:55:43
<xml><appid><![CDATA[wxd5af665b240b75d4]]></appid>
<bank_type><![CDATA[CFT]]></bank_type>
<cash_fee><![CDATA[1]]></cash_fee>
<fee_type><![CDATA[CNY]]></fee_type>
<is_subscribe><![CDATA[N]]></is_subscribe>
<mch_id><![CDATA[1500086022]]></mch_id>
<nonce_str><![CDATA[toDnIXNBaaoYXgO1]]></nonce_str>
<openid><![CDATA[osZaFw0svRpBW1fTu5xMtqQsqeRA]]></openid>
<out_trade_no><![CDATA[1809a_19042111_be9ff00623c67ef7]]></out_trade_no>
<result_code><![CDATA[SUCCESS]]></result_code>
<return_code><![CDATA[SUCCESS]]></return_code>
<sign><![CDATA[ECF61052F468E86F713DC61D7679FF59]]></sign>
<time_end><![CDATA[20190421112129]]></time_end>
<total_fee>1</total_fee>
<trade_type><![CDATA[NATIVE]]></trade_type>
<transaction_id><![CDATA[4200000298201904218981061198]]></transaction_id>
</xml>
<<<<<<<2019-04-21 23:02:48
<xml><appid><![CDATA[wxd5af665b240b75d4]]></appid>
<bank_type><![CDATA[CFT]]></bank_type>
<cash_fee><![CDATA[1]]></cash_fee>
<fee_type><![CDATA[CNY]]></fee_type>
<is_subscribe><![CDATA[N]]></is_subscribe>
<mch_id><![CDATA[1500086022]]></mch_id>
<nonce_str><![CDATA[WgPJnQVmyFu0fwW2]]></nonce_str>
<openid><![CDATA[osZaFw0svRpBW1fTu5xMtqQsqeRA]]></openid>
<out_trade_no><![CDATA[1809a_19042111_415daf2f49de6d47]]></out_trade_no>
<result_code><![CDATA[SUCCESS]]></result_code>
<return_code><![CDATA[SUCCESS]]></return_code>
<sign><![CDATA[95AE215A8AE30D0079E4B8F874EE748B]]></sign>
<time_end><![CDATA[20190421112834]]></time_end>
<total_fee>1</total_fee>
<trade_type><![CDATA[NATIVE]]></trade_type>
<transaction_id><![CDATA[4200000298201904219566320755]]></transaction_id>
</xml>
<<<<<<<2019-04-21 23:06:58
<xml><appid><![CDATA[wxd5af665b240b75d4]]></appid>
<bank_type><![CDATA[CFT]]></bank_type>
<cash_fee><![CDATA[1]]></cash_fee>
<fee_type><![CDATA[CNY]]></fee_type>
<is_subscribe><![CDATA[N]]></is_subscribe>
<mch_id><![CDATA[1500086022]]></mch_id>
<nonce_str><![CDATA[9Uoh5NEctsb6Wt19]]></nonce_str>
<openid><![CDATA[osZaFw0svRpBW1fTu5xMtqQsqeRA]]></openid>
<out_trade_no><![CDATA[1809a_19042111_99e92aaad30f6857]]></out_trade_no>
<result_code><![CDATA[SUCCESS]]></result_code>
<return_code><![CDATA[SUCCESS]]></return_code>
<sign><![CDATA[B1CB3DB6F3D0D0B39C54D2FBE0F7F93B]]></sign>
<time_end><![CDATA[20190421113239]]></time_end>
<total_fee>1</total_fee>
<trade_type><![CDATA[NATIVE]]></trade_type>
<transaction_id><![CDATA[4200000299201904219525786981]]></transaction_id>
</xml>
<<<<<<<2019-04-21 23:09:13
<xml><appid><![CDATA[wxd5af665b240b75d4]]></appid>
<bank_type><![CDATA[CFT]]></bank_type>
<cash_fee><![CDATA[1]]></cash_fee>
<fee_type><![CDATA[CNY]]></fee_type>
<is_subscribe><![CDATA[N]]></is_subscribe>
<mch_id><![CDATA[1500086022]]></mch_id>
<nonce_str><![CDATA[1UNcUEl01DeQu6uQ]]></nonce_str>
<openid><![CDATA[osZaFw0svRpBW1fTu5xMtqQsqeRA]]></openid>
<out_trade_no><![CDATA[1809a_19042111_44aee9decbcc3aca]]></out_trade_no>
<result_code><![CDATA[SUCCESS]]></result_code>
<return_code><![CDATA[SUCCESS]]></return_code>
<sign><![CDATA[997DC11B7A0ED5DBCF732A9A98C1D7CB]]></sign>
<time_end><![CDATA[20190421113458]]></time_end>
<total_fee>1</total_fee>
<trade_type><![CDATA[NATIVE]]></trade_type>
<transaction_id><![CDATA[4200000299201904211223021159]]></transaction_id>
</xml>
<<<<<<<2019-04-22 04:34:53
<xml><appid><![CDATA[wxd5af665b240b75d4]]></appid>
<bank_type><![CDATA[CFT]]></bank_type>
<cash_fee><![CDATA[1]]></cash_fee>
<fee_type><![CDATA[CNY]]></fee_type>
<is_subscribe><![CDATA[N]]></is_subscribe>
<mch_id><![CDATA[1500086022]]></mch_id>
<nonce_str><![CDATA[6RmHxjndoOJevIne]]></nonce_str>
<openid><![CDATA[osZaFw0svRpBW1fTu5xMtqQsqeRA]]></openid>
<out_trade_no><![CDATA[1809a_19042110_223e99975a0e3c24]]></out_trade_no>
<result_code><![CDATA[SUCCESS]]></result_code>
<return_code><![CDATA[SUCCESS]]></return_code>
<sign><![CDATA[D8EFBD63AB9075A18C4D64A3ABBCBB25]]></sign>
<time_end><![CDATA[20190421110038]]></time_end>
<total_fee>1</total_fee>
<trade_type><![CDATA[NATIVE]]></trade_type>
<transaction_id><![CDATA[4200000306201904216067127279]]></transaction_id>
</xml>
<<<<<<<2019-04-22 04:39:38
<xml><appid><![CDATA[wxd5af665b240b75d4]]></appid>
<bank_type><![CDATA[CFT]]></bank_type>
<cash_fee><![CDATA[1]]></cash_fee>
<fee_type><![CDATA[CNY]]></fee_type>
<is_subscribe><![CDATA[N]]></is_subscribe>
<mch_id><![CDATA[1500086022]]></mch_id>
<nonce_str><![CDATA[rekLdEztmWz9M6cE]]></nonce_str>
<openid><![CDATA[osZaFw0svRpBW1fTu5xMtqQsqeRA]]></openid>
<out_trade_no><![CDATA[1809a_19042111_f86d29a637b64b95]]></out_trade_no>
<result_code><![CDATA[SUCCESS]]></result_code>
<return_code><![CDATA[SUCCESS]]></return_code>
<sign><![CDATA[6C5F82187BAA2040874953C19E4ED3C3]]></sign>
<time_end><![CDATA[20190421110524]]></time_end>
<total_fee>1</total_fee>
<trade_type><![CDATA[NATIVE]]></trade_type>
<transaction_id><![CDATA[4200000303201904217104419473]]></transaction_id>
</xml>
<<<<<<<2019-04-22 04:47:19
<xml><appid><![CDATA[wxd5af665b240b75d4]]></appid>
<bank_type><![CDATA[CFT]]></bank_type>
<cash_fee><![CDATA[1]]></cash_fee>
<fee_type><![CDATA[CNY]]></fee_type>
<is_subscribe><![CDATA[N]]></is_subscribe>
<mch_id><![CDATA[1500086022]]></mch_id>
<nonce_str><![CDATA[hnKeq7gjmr0XmwbK]]></nonce_str>
<openid><![CDATA[osZaFw0svRpBW1fTu5xMtqQsqeRA]]></openid>
<out_trade_no><![CDATA[1809a_19042111_f4de6498335aac38]]></out_trade_no>
<result_code><![CDATA[SUCCESS]]></result_code>
<return_code><![CDATA[SUCCESS]]></return_code>
<sign><![CDATA[26758651947C25A05EF11B9AEFB23EED]]></sign>
<time_end><![CDATA[20190421111304]]></time_end>
<total_fee>1</total_fee>
<trade_type><![CDATA[NATIVE]]></trade_type>
<transaction_id><![CDATA[4200000290201904215944618994]]></transaction_id>
</xml>
<<<<<<<2019-04-22 04:55:44
<xml><appid><![CDATA[wxd5af665b240b75d4]]></appid>
<bank_type><![CDATA[CFT]]></bank_type>
<cash_fee><![CDATA[1]]></cash_fee>
<fee_type><![CDATA[CNY]]></fee_type>
<is_subscribe><![CDATA[N]]></is_subscribe>
<mch_id><![CDATA[1500086022]]></mch_id>
<nonce_str><![CDATA[toDnIXNBaaoYXgO1]]></nonce_str>
<openid><![CDATA[osZaFw0svRpBW1fTu5xMtqQsqeRA]]></openid>
<out_trade_no><![CDATA[1809a_19042111_be9ff00623c67ef7]]></out_trade_no>
<result_code><![CDATA[SUCCESS]]></result_code>
<return_code><![CDATA[SUCCESS]]></return_code>
<sign><![CDATA[ECF61052F468E86F713DC61D7679FF59]]></sign>
<time_end><![CDATA[20190421112129]]></time_end>
<total_fee>1</total_fee>
<trade_type><![CDATA[NATIVE]]></trade_type>
<transaction_id><![CDATA[4200000298201904218981061198]]></transaction_id>
</xml>
<<<<<<<2019-04-22 05:02:49
<xml><appid><![CDATA[wxd5af665b240b75d4]]></appid>
<bank_type><![CDATA[CFT]]></bank_type>
<cash_fee><![CDATA[1]]></cash_fee>
<fee_type><![CDATA[CNY]]></fee_type>
<is_subscribe><![CDATA[N]]></is_subscribe>
<mch_id><![CDATA[1500086022]]></mch_id>
<nonce_str><![CDATA[WgPJnQVmyFu0fwW2]]></nonce_str>
<openid><![CDATA[osZaFw0svRpBW1fTu5xMtqQsqeRA]]></openid>
<out_trade_no><![CDATA[1809a_19042111_415daf2f49de6d47]]></out_trade_no>
<result_code><![CDATA[SUCCESS]]></result_code>
<return_code><![CDATA[SUCCESS]]></return_code>
<sign><![CDATA[95AE215A8AE30D0079E4B8F874EE748B]]></sign>
<time_end><![CDATA[20190421112834]]></time_end>
<total_fee>1</total_fee>
<trade_type><![CDATA[NATIVE]]></trade_type>
<transaction_id><![CDATA[4200000298201904219566320755]]></transaction_id>
</xml>
<<<<<<<2019-04-22 05:07:00
<xml><appid><![CDATA[wxd5af665b240b75d4]]></appid>
<bank_type><![CDATA[CFT]]></bank_type>
<cash_fee><![CDATA[1]]></cash_fee>
<fee_type><![CDATA[CNY]]></fee_type>
<is_subscribe><![CDATA[N]]></is_subscribe>
<mch_id><![CDATA[1500086022]]></mch_id>
<nonce_str><![CDATA[9Uoh5NEctsb6Wt19]]></nonce_str>
<openid><![CDATA[osZaFw0svRpBW1fTu5xMtqQsqeRA]]></openid>
<out_trade_no><![CDATA[1809a_19042111_99e92aaad30f6857]]></out_trade_no>
<result_code><![CDATA[SUCCESS]]></result_code>
<return_code><![CDATA[SUCCESS]]></return_code>
<sign><![CDATA[B1CB3DB6F3D0D0B39C54D2FBE0F7F93B]]></sign>
<time_end><![CDATA[20190421113239]]></time_end>
<total_fee>1</total_fee>
<trade_type><![CDATA[NATIVE]]></trade_type>
<transaction_id><![CDATA[4200000299201904219525786981]]></transaction_id>
</xml>
<<<<<<<2019-04-22 05:09:14
<xml><appid><![CDATA[wxd5af665b240b75d4]]></appid>
<bank_type><![CDATA[CFT]]></bank_type>
<cash_fee><![CDATA[1]]></cash_fee>
<fee_type><![CDATA[CNY]]></fee_type>
<is_subscribe><![CDATA[N]]></is_subscribe>
<mch_id><![CDATA[1500086022]]></mch_id>
<nonce_str><![CDATA[1UNcUEl01DeQu6uQ]]></nonce_str>
<openid><![CDATA[osZaFw0svRpBW1fTu5xMtqQsqeRA]]></openid>
<out_trade_no><![CDATA[1809a_19042111_44aee9decbcc3aca]]></out_trade_no>
<result_code><![CDATA[SUCCESS]]></result_code>
<return_code><![CDATA[SUCCESS]]></return_code>
<sign><![CDATA[997DC11B7A0ED5DBCF732A9A98C1D7CB]]></sign>
<time_end><![CDATA[20190421113458]]></time_end>
<total_fee>1</total_fee>
<trade_type><![CDATA[NATIVE]]></trade_type>
<transaction_id><![CDATA[4200000299201904211223021159]]></transaction_id>
</xml>
<<<<<<<2019-04-22 08:40:03
<xml><appid><![CDATA[wxd5af665b240b75d4]]></appid>
<bank_type><![CDATA[CFT]]></bank_type>
<cash_fee><![CDATA[1]]></cash_fee>
<fee_type><![CDATA[CNY]]></fee_type>
<is_subscribe><![CDATA[N]]></is_subscribe>
<mch_id><![CDATA[1500086022]]></mch_id>
<nonce_str><![CDATA[dtLS96i81YqbZLvo]]></nonce_str>
<openid><![CDATA[osZaFw0svRpBW1fTu5xMtqQsqeRA]]></openid>
<out_trade_no><![CDATA[1809a_19042208_25532c9af2ea075b]]></out_trade_no>
<result_code><![CDATA[SUCCESS]]></result_code>
<return_code><![CDATA[SUCCESS]]></return_code>
<sign><![CDATA[0BA7EE3F107627F8EAE44BA7970D67A3]]></sign>
<time_end><![CDATA[20190422084002]]></time_end>
<total_fee>1</total_fee>
<trade_type><![CDATA[NATIVE]]></trade_type>
<transaction_id><![CDATA[4200000292201904222581278149]]></transaction_id>
</xml>
<<<<<<<2019-04-22 08:40:18
<xml><appid><![CDATA[wxd5af665b240b75d4]]></appid>
<bank_type><![CDATA[CFT]]></bank_type>
<cash_fee><![CDATA[1]]></cash_fee>
<fee_type><![CDATA[CNY]]></fee_type>
<is_subscribe><![CDATA[N]]></is_subscribe>
<mch_id><![CDATA[1500086022]]></mch_id>
<nonce_str><![CDATA[dtLS96i81YqbZLvo]]></nonce_str>
<openid><![CDATA[osZaFw0svRpBW1fTu5xMtqQsqeRA]]></openid>
<out_trade_no><![CDATA[1809a_19042208_25532c9af2ea075b]]></out_trade_no>
<result_code><![CDATA[SUCCESS]]></result_code>
<return_code><![CDATA[SUCCESS]]></return_code>
<sign><![CDATA[0BA7EE3F107627F8EAE44BA7970D67A3]]></sign>
<time_end><![CDATA[20190422084002]]></time_end>
<total_fee>1</total_fee>
<trade_type><![CDATA[NATIVE]]></trade_type>
<transaction_id><![CDATA[4200000292201904222581278149]]></transaction_id>
</xml>
<<<<<<<2019-04-22 08:40:34
<xml><appid><![CDATA[wxd5af665b240b75d4]]></appid>
<bank_type><![CDATA[CFT]]></bank_type>
<cash_fee><![CDATA[1]]></cash_fee>
<fee_type><![CDATA[CNY]]></fee_type>
<is_subscribe><![CDATA[N]]></is_subscribe>
<mch_id><![CDATA[1500086022]]></mch_id>
<nonce_str><![CDATA[dtLS96i81YqbZLvo]]></nonce_str>
<openid><![CDATA[osZaFw0svRpBW1fTu5xMtqQsqeRA]]></openid>
<out_trade_no><![CDATA[1809a_19042208_25532c9af2ea075b]]></out_trade_no>
<result_code><![CDATA[SUCCESS]]></result_code>
<return_code><![CDATA[SUCCESS]]></return_code>
<sign><![CDATA[0BA7EE3F107627F8EAE44BA7970D67A3]]></sign>
<time_end><![CDATA[20190422084002]]></time_end>
<total_fee>1</total_fee>
<trade_type><![CDATA[NATIVE]]></trade_type>
<transaction_id><![CDATA[4200000292201904222581278149]]></transaction_id>
</xml>
<<<<<<<2019-04-22 08:41:05
<xml><appid><![CDATA[wxd5af665b240b75d4]]></appid>
<bank_type><![CDATA[CFT]]></bank_type>
<cash_fee><![CDATA[1]]></cash_fee>
<fee_type><![CDATA[CNY]]></fee_type>
<is_subscribe><![CDATA[N]]></is_subscribe>
<mch_id><![CDATA[1500086022]]></mch_id>
<nonce_str><![CDATA[dtLS96i81YqbZLvo]]></nonce_str>
<openid><![CDATA[osZaFw0svRpBW1fTu5xMtqQsqeRA]]></openid>
<out_trade_no><![CDATA[1809a_19042208_25532c9af2ea075b]]></out_trade_no>
<result_code><![CDATA[SUCCESS]]></result_code>
<return_code><![CDATA[SUCCESS]]></return_code>
<sign><![CDATA[0BA7EE3F107627F8EAE44BA7970D67A3]]></sign>
<time_end><![CDATA[20190422084002]]></time_end>
<total_fee>1</total_fee>
<trade_type><![CDATA[NATIVE]]></trade_type>
<transaction_id><![CDATA[4200000292201904222581278149]]></transaction_id>
</xml>
<<<<<<<2019-04-22 08:44:06
<xml><appid><![CDATA[wxd5af665b240b75d4]]></appid>
<bank_type><![CDATA[CFT]]></bank_type>
<cash_fee><![CDATA[1]]></cash_fee>
<fee_type><![CDATA[CNY]]></fee_type>
<is_subscribe><![CDATA[N]]></is_subscribe>
<mch_id><![CDATA[1500086022]]></mch_id>
<nonce_str><![CDATA[dtLS96i81YqbZLvo]]></nonce_str>
<openid><![CDATA[osZaFw0svRpBW1fTu5xMtqQsqeRA]]></openid>
<out_trade_no><![CDATA[1809a_19042208_25532c9af2ea075b]]></out_trade_no>
<result_code><![CDATA[SUCCESS]]></result_code>
<return_code><![CDATA[SUCCESS]]></return_code>
<sign><![CDATA[0BA7EE3F107627F8EAE44BA7970D67A3]]></sign>
<time_end><![CDATA[20190422084002]]></time_end>
<total_fee>1</total_fee>
<trade_type><![CDATA[NATIVE]]></trade_type>
<transaction_id><![CDATA[4200000292201904222581278149]]></transaction_id>
</xml>
<<<<<<<2019-04-22 08:54:07
<xml><appid><![CDATA[wxd5af665b240b75d4]]></appid>
<bank_type><![CDATA[CFT]]></bank_type>
<cash_fee><![CDATA[1]]></cash_fee>
<fee_type><![CDATA[CNY]]></fee_type>
<is_subscribe><![CDATA[N]]></is_subscribe>
<mch_id><![CDATA[1500086022]]></mch_id>
<nonce_str><![CDATA[dtLS96i81YqbZLvo]]></nonce_str>
<openid><![CDATA[osZaFw0svRpBW1fTu5xMtqQsqeRA]]></openid>
<out_trade_no><![CDATA[1809a_19042208_25532c9af2ea075b]]></out_trade_no>
<result_code><![CDATA[SUCCESS]]></result_code>
<return_code><![CDATA[SUCCESS]]></return_code>
<sign><![CDATA[0BA7EE3F107627F8EAE44BA7970D67A3]]></sign>
<time_end><![CDATA[20190422084002]]></time_end>
<total_fee>1</total_fee>
<trade_type><![CDATA[NATIVE]]></trade_type>
<transaction_id><![CDATA[4200000292201904222581278149]]></transaction_id>
</xml>
<<<<<<<2019-04-22 09:14:09
<xml><appid><![CDATA[wxd5af665b240b75d4]]></appid>
<bank_type><![CDATA[CFT]]></bank_type>
<cash_fee><![CDATA[1]]></cash_fee>
<fee_type><![CDATA[CNY]]></fee_type>
<is_subscribe><![CDATA[N]]></is_subscribe>
<mch_id><![CDATA[1500086022]]></mch_id>
<nonce_str><![CDATA[dtLS96i81YqbZLvo]]></nonce_str>
<openid><![CDATA[osZaFw0svRpBW1fTu5xMtqQsqeRA]]></openid>
<out_trade_no><![CDATA[1809a_19042208_25532c9af2ea075b]]></out_trade_no>
<result_code><![CDATA[SUCCESS]]></result_code>
<return_code><![CDATA[SUCCESS]]></return_code>
<sign><![CDATA[0BA7EE3F107627F8EAE44BA7970D67A3]]></sign>
<time_end><![CDATA[20190422084002]]></time_end>
<total_fee>1</total_fee>
<trade_type><![CDATA[NATIVE]]></trade_type>
<transaction_id><![CDATA[4200000292201904222581278149]]></transaction_id>
</xml>
<<<<<<<2019-04-22 09:44:10
<xml><appid><![CDATA[wxd5af665b240b75d4]]></appid>
<bank_type><![CDATA[CFT]]></bank_type>
<cash_fee><![CDATA[1]]></cash_fee>
<fee_type><![CDATA[CNY]]></fee_type>
<is_subscribe><![CDATA[N]]></is_subscribe>
<mch_id><![CDATA[1500086022]]></mch_id>
<nonce_str><![CDATA[dtLS96i81YqbZLvo]]></nonce_str>
<openid><![CDATA[osZaFw0svRpBW1fTu5xMtqQsqeRA]]></openid>
<out_trade_no><![CDATA[1809a_19042208_25532c9af2ea075b]]></out_trade_no>
<result_code><![CDATA[SUCCESS]]></result_code>
<return_code><![CDATA[SUCCESS]]></return_code>
<sign><![CDATA[0BA7EE3F107627F8EAE44BA7970D67A3]]></sign>
<time_end><![CDATA[20190422084002]]></time_end>
<total_fee>1</total_fee>
<trade_type><![CDATA[NATIVE]]></trade_type>
<transaction_id><![CDATA[4200000292201904222581278149]]></transaction_id>
</xml>
<<<<<<<2019-04-22 09:47:08
<xml><appid><![CDATA[wxd5af665b240b75d4]]></appid>
<bank_type><![CDATA[CFT]]></bank_type>
<cash_fee><![CDATA[1]]></cash_fee>
<fee_type><![CDATA[CNY]]></fee_type>
<is_subscribe><![CDATA[N]]></is_subscribe>
<mch_id><![CDATA[1500086022]]></mch_id>
<nonce_str><![CDATA[fAQu33i4hCICEdwZ]]></nonce_str>
<openid><![CDATA[osZaFw0svRpBW1fTu5xMtqQsqeRA]]></openid>
<out_trade_no><![CDATA[1809a_19042209_b2b7eb4ab68877bc]]></out_trade_no>
<result_code><![CDATA[SUCCESS]]></result_code>
<return_code><![CDATA[SUCCESS]]></return_code>
<sign><![CDATA[3B639D39428CC2BED9D1529DD4940695]]></sign>
<time_end><![CDATA[20190422094707]]></time_end>
<total_fee>1</total_fee>
<trade_type><![CDATA[NATIVE]]></trade_type>
<transaction_id><![CDATA[4200000303201904228123267723]]></transaction_id>
</xml>
<<<<<<<2019-04-22 10:14:11
<xml><appid><![CDATA[wxd5af665b240b75d4]]></appid>
<bank_type><![CDATA[CFT]]></bank_type>
<cash_fee><![CDATA[1]]></cash_fee>
<fee_type><![CDATA[CNY]]></fee_type>
<is_subscribe><![CDATA[N]]></is_subscribe>
<mch_id><![CDATA[1500086022]]></mch_id>
<nonce_str><![CDATA[dtLS96i81YqbZLvo]]></nonce_str>
<openid><![CDATA[osZaFw0svRpBW1fTu5xMtqQsqeRA]]></openid>
<out_trade_no><![CDATA[1809a_19042208_25532c9af2ea075b]]></out_trade_no>
<result_code><![CDATA[SUCCESS]]></result_code>
<return_code><![CDATA[SUCCESS]]></return_code>
<sign><![CDATA[0BA7EE3F107627F8EAE44BA7970D67A3]]></sign>
<time_end><![CDATA[20190422084002]]></time_end>
<total_fee>1</total_fee>
<trade_type><![CDATA[NATIVE]]></trade_type>
<transaction_id><![CDATA[4200000292201904222581278149]]></transaction_id>
</xml>
<<<<<<<2019-04-22 10:34:54
<xml><appid><![CDATA[wxd5af665b240b75d4]]></appid>
<bank_type><![CDATA[CFT]]></bank_type>
<cash_fee><![CDATA[1]]></cash_fee>
<fee_type><![CDATA[CNY]]></fee_type>
<is_subscribe><![CDATA[N]]></is_subscribe>
<mch_id><![CDATA[1500086022]]></mch_id>
<nonce_str><![CDATA[6RmHxjndoOJevIne]]></nonce_str>
<openid><![CDATA[osZaFw0svRpBW1fTu5xMtqQsqeRA]]></openid>
<out_trade_no><![CDATA[1809a_19042110_223e99975a0e3c24]]></out_trade_no>
<result_code><![CDATA[SUCCESS]]></result_code>
<return_code><![CDATA[SUCCESS]]></return_code>
<sign><![CDATA[D8EFBD63AB9075A18C4D64A3ABBCBB25]]></sign>
<time_end><![CDATA[20190421110038]]></time_end>
<total_fee>1</total_fee>
<trade_type><![CDATA[NATIVE]]></trade_type>
<transaction_id><![CDATA[4200000306201904216067127279]]></transaction_id>
</xml>
<<<<<<<2019-04-22 10:39:39
<xml><appid><![CDATA[wxd5af665b240b75d4]]></appid>
<bank_type><![CDATA[CFT]]></bank_type>
<cash_fee><![CDATA[1]]></cash_fee>
<fee_type><![CDATA[CNY]]></fee_type>
<is_subscribe><![CDATA[N]]></is_subscribe>
<mch_id><![CDATA[1500086022]]></mch_id>
<nonce_str><![CDATA[rekLdEztmWz9M6cE]]></nonce_str>
<openid><![CDATA[osZaFw0svRpBW1fTu5xMtqQsqeRA]]></openid>
<out_trade_no><![CDATA[1809a_19042111_f86d29a637b64b95]]></out_trade_no>
<result_code><![CDATA[SUCCESS]]></result_code>
<return_code><![CDATA[SUCCESS]]></return_code>
<sign><![CDATA[6C5F82187BAA2040874953C19E4ED3C3]]></sign>
<time_end><![CDATA[20190421110524]]></time_end>
<total_fee>1</total_fee>
<trade_type><![CDATA[NATIVE]]></trade_type>
<transaction_id><![CDATA[4200000303201904217104419473]]></transaction_id>
</xml>
<<<<<<<2019-04-22 10:47:21
<xml><appid><![CDATA[wxd5af665b240b75d4]]></appid>
<bank_type><![CDATA[CFT]]></bank_type>
<cash_fee><![CDATA[1]]></cash_fee>
<fee_type><![CDATA[CNY]]></fee_type>
<is_subscribe><![CDATA[N]]></is_subscribe>
<mch_id><![CDATA[1500086022]]></mch_id>
<nonce_str><![CDATA[hnKeq7gjmr0XmwbK]]></nonce_str>
<openid><![CDATA[osZaFw0svRpBW1fTu5xMtqQsqeRA]]></openid>
<out_trade_no><![CDATA[1809a_19042111_f4de6498335aac38]]></out_trade_no>
<result_code><![CDATA[SUCCESS]]></result_code>
<return_code><![CDATA[SUCCESS]]></return_code>
<sign><![CDATA[26758651947C25A05EF11B9AEFB23EED]]></sign>
<time_end><![CDATA[20190421111304]]></time_end>
<total_fee>1</total_fee>
<trade_type><![CDATA[NATIVE]]></trade_type>
<transaction_id><![CDATA[4200000290201904215944618994]]></transaction_id>
</xml>
<<<<<<<2019-04-22 10:55:46
<xml><appid><![CDATA[wxd5af665b240b75d4]]></appid>
<bank_type><![CDATA[CFT]]></bank_type>
<cash_fee><![CDATA[1]]></cash_fee>
<fee_type><![CDATA[CNY]]></fee_type>
<is_subscribe><![CDATA[N]]></is_subscribe>
<mch_id><![CDATA[1500086022]]></mch_id>
<nonce_str><![CDATA[toDnIXNBaaoYXgO1]]></nonce_str>
<openid><![CDATA[osZaFw0svRpBW1fTu5xMtqQsqeRA]]></openid>
<out_trade_no><![CDATA[1809a_19042111_be9ff00623c67ef7]]></out_trade_no>
<result_code><![CDATA[SUCCESS]]></result_code>
<return_code><![CDATA[SUCCESS]]></return_code>
<sign><![CDATA[ECF61052F468E86F713DC61D7679FF59]]></sign>
<time_end><![CDATA[20190421112129]]></time_end>
<total_fee>1</total_fee>
<trade_type><![CDATA[NATIVE]]></trade_type>
<transaction_id><![CDATA[4200000298201904218981061198]]></transaction_id>
</xml>
<<<<<<<2019-04-22 11:02:50
<xml><appid><![CDATA[wxd5af665b240b75d4]]></appid>
<bank_type><![CDATA[CFT]]></bank_type>
<cash_fee><![CDATA[1]]></cash_fee>
<fee_type><![CDATA[CNY]]></fee_type>
<is_subscribe><![CDATA[N]]></is_subscribe>
<mch_id><![CDATA[1500086022]]></mch_id>
<nonce_str><![CDATA[WgPJnQVmyFu0fwW2]]></nonce_str>
<openid><![CDATA[osZaFw0svRpBW1fTu5xMtqQsqeRA]]></openid>
<out_trade_no><![CDATA[1809a_19042111_415daf2f49de6d47]]></out_trade_no>
<result_code><![CDATA[SUCCESS]]></result_code>
<return_code><![CDATA[SUCCESS]]></return_code>
<sign><![CDATA[95AE215A8AE30D0079E4B8F874EE748B]]></sign>
<time_end><![CDATA[20190421112834]]></time_end>
<total_fee>1</total_fee>
<trade_type><![CDATA[NATIVE]]></trade_type>
<transaction_id><![CDATA[4200000298201904219566320755]]></transaction_id>
</xml>
<<<<<<<2019-04-22 11:07:01
<xml><appid><![CDATA[wxd5af665b240b75d4]]></appid>
<bank_type><![CDATA[CFT]]></bank_type>
<cash_fee><![CDATA[1]]></cash_fee>
<fee_type><![CDATA[CNY]]></fee_type>
<is_subscribe><![CDATA[N]]></is_subscribe>
<mch_id><![CDATA[1500086022]]></mch_id>
<nonce_str><![CDATA[9Uoh5NEctsb6Wt19]]></nonce_str>
<openid><![CDATA[osZaFw0svRpBW1fTu5xMtqQsqeRA]]></openid>
<out_trade_no><![CDATA[1809a_19042111_99e92aaad30f6857]]></out_trade_no>
<result_code><![CDATA[SUCCESS]]></result_code>
<return_code><![CDATA[SUCCESS]]></return_code>
<sign><![CDATA[B1CB3DB6F3D0D0B39C54D2FBE0F7F93B]]></sign>
<time_end><![CDATA[20190421113239]]></time_end>
<total_fee>1</total_fee>
<trade_type><![CDATA[NATIVE]]></trade_type>
<transaction_id><![CDATA[4200000299201904219525786981]]></transaction_id>
</xml>
<<<<<<<2019-04-22 11:09:15
<xml><appid><![CDATA[wxd5af665b240b75d4]]></appid>
<bank_type><![CDATA[CFT]]></bank_type>
<cash_fee><![CDATA[1]]></cash_fee>
<fee_type><![CDATA[CNY]]></fee_type>
<is_subscribe><![CDATA[N]]></is_subscribe>
<mch_id><![CDATA[1500086022]]></mch_id>
<nonce_str><![CDATA[1UNcUEl01DeQu6uQ]]></nonce_str>
<openid><![CDATA[osZaFw0svRpBW1fTu5xMtqQsqeRA]]></openid>
<out_trade_no><![CDATA[1809a_19042111_44aee9decbcc3aca]]></out_trade_no>
<result_code><![CDATA[SUCCESS]]></result_code>
<return_code><![CDATA[SUCCESS]]></return_code>
<sign><![CDATA[997DC11B7A0ED5DBCF732A9A98C1D7CB]]></sign>
<time_end><![CDATA[20190421113458]]></time_end>
<total_fee>1</total_fee>
<trade_type><![CDATA[NATIVE]]></trade_type>
<transaction_id><![CDATA[4200000299201904211223021159]]></transaction_id>
</xml>
<<<<<<<